<?xml version="1.0" encoding="utf-8"?>
<test-run id="2" testcasecount="39" result="Failed(Child)" total="39" passed="37" failed="2" inconclusive="0" skipped="0" asserts="0" engine-version="3.5.0.0" clr-version="4.0.30319.42000" start-time="2026-08-20 16:00:12Z" end-time="2026-08-20 16:00:14Z" duration="2.001934">
  <test-suite type="TestSuite" id="1000" name="UnityTimelineBuilder" fullname="UnityTimelineBuilder" runstate="Runnable" testcasecount="39" result="Failed" site="Child" start-time="2026-08-20 16:00:12Z" end-time="2026-08-20 16:00:14Z" duration="2.001934" total="39" passed="37" failed="2" inconclusive="0" skipped="0" asserts="0">
    <properties>
      <property name="platform" value="EditMode" />
    </properties>
    <failure>
      <message><![CDATA[One or more child tests had errors]]></message>
    </failure>
    <test-suite type="Assembly" id="1053" name="Hidano.UnityTimelineBuilder.Editor.Tests.dll" fullname="D:/Personal/Repositries/unity-timeline-builder/UnityTimelineBuilder/Library/ScriptAssemblies/Hidano.UnityTimelineBuilder.Editor.Tests.dll" runstate="Runnable" testcasecount="39" result="Failed" site="Child" start-time="2026-08-20 16:00:12Z" end-time="2026-08-20 16:00:14Z" duration="1.999041" total="39" passed="37" failed="2" inconclusive="0" skipped="0" asserts="0">
      <properties>
        <property name="_PID" value="43856" />
        <property name="_APPDOMAIN" value="Unity Child Domain" />
        <property name="platform" value="EditMode" />
        <property name="EditorOnly" value="True" />
      </properties>
      <failure>
        <message><![CDATA[One or more child tests had errors]]></message>
      </failure>
      <test-suite type="TestSuite" id="1054" name="Hidano" fullname="Hidano" runstate="Runnable" testcasecount="39" result="Failed" site="Child" start-time="2026-08-20 16:00:12Z" end-time="2026-08-20 16:00:14Z" duration="1.998800" total="39" passed="37" failed="2" inconclusive="0" skipped="0" asserts="0">
        <properties />
        <failure>
          <message><![CDATA[One or more child tests had errors]]></message>
        </failure>
        <test-suite type="TestSuite" id="1055" name="UnityTimelineBuilder" fullname="Hidano.UnityTimelineBuilder" runstate="Runnable" testcasecount="39" result="Failed" site="Child" start-time="2026-08-20 16:00:12Z" end-time="2026-08-20 16:00:14Z" duration="1.998724" total="39" passed="37" failed="2" inconclusive="0" skipped="0" asserts="0">
          <properties />
          <failure>
            <message><![CDATA[One or more child tests had errors]]></message>
          </failure>
          <test-suite type="TestSuite" id="1056" name="Editor" fullname="Hidano.UnityTimelineBuilder.Editor" runstate="Runnable" testcasecount="39" result="Failed" site="Child" start-time="2026-08-20 16:00:12Z" end-time="2026-08-20 16:00:14Z" duration="1.998668" total="39" passed="37" failed="2" inconclusive="0" skipped="0" asserts="0">
            <properties />
            <failure>
              <message><![CDATA[One or more child tests had errors]]></message>
            </failure>
            <test-suite type="TestSuite" id="1057" name="Tests" fullname="Hidano.UnityTimelineBuilder.Editor.Tests" runstate="Runnable" testcasecount="39" result="Failed" site="Child" start-time="2026-08-20 16:00:12Z" end-time="2026-08-20 16:00:14Z" duration="1.998473" total="39" passed="37" failed="2" inconclusive="0" skipped="0" asserts="0">
              <properties />
              <failure>
                <message><![CDATA[One or more child tests had errors]]></message>
              </failure>
              <test-suite type="TestFixture" id="1001" name="AnimationTrackBuilderTests" fullname="Hidano.UnityTimelineBuilder.Editor.Tests.AnimationTrackBuilderTests" classname="Hidano.UnityTimelineBuilder.Editor.Tests.AnimationTrackBuilderTests" runstate="Runnable" testcasecount="2" result="Passed" start-time="2026-08-20 16:00:12Z" end-time="2026-08-20 16:00:12Z" duration="0.048440" total="2" passed="2" failed="0" inconclusive="0" skipped="0" asserts="0">
                <properties />
                <test-case id="1003" name="AddsAnimationClipWithRowValuesAndResolvedAsset" fullname="Hidano.UnityTimelineBuilder.Editor.Tests.AnimationTrackBuilderTests.AddsAnimationClipWithRowValuesAndResolvedAsset" methodname="AddsAnimationClipWithRowValuesAndResolvedAsset" classname="Hidano.UnityTimelineBuilder.Editor.Tests.AnimationTrackBuilderTests" runstate="Runnable" seed="1172294897" result="Passed" start-time="2026-08-20 16:00:12Z" end-time="2026-08-20 16:00:12Z" duration="0.015975" asserts="0">
                  <properties>
                    <property name="retryIteration" value="0" />
                    <property name="repeatIteration" value="0" />
                  </properties>
                </test-case>
                <test-case id="1002" name="CreatesAnimationTrackWithRequestedName" fullname="Hidano.UnityTimelineBuilder.Editor.Tests.AnimationTrackBuilderTests.CreatesAnimationTrackWithRequestedName" methodname="CreatesAnimationTrackWithRequestedName" classname="Hidano.UnityTimelineBuilder.Editor.Tests.AnimationTrackBuilderTests" runstate="Runnable" seed="1167425745" result="Passed" start-time="2026-08-20 16:00:12Z" end-time="2026-08-20 16:00:12Z" duration="0.002219" asserts="0">
                  <properties>
                    <property name="retryIteration" value="0" />
                    <property name="repeatIteration" value="0" />
                  </properties>
                </test-case>
              </test-suite>
              <test-suite type="TestFixture" id="1004" name="BuildModelTests" fullname="Hidano.UnityTimelineBuilder.Editor.Tests.BuildModelTests" classname="Hidano.UnityTimelineBuilder.Editor.Tests.BuildModelTests" runstate="Runnable" testcasecount="4" result="Passed" start-time="2026-08-20 16:00:12Z" end-time="2026-08-20 16:00:12Z" duration="0.008803" total="4" passed="4" failed="0" inconclusive="0" skipped="0" asserts="0">
                <properties />
                <test-case id="1008" name="BuildRequestSupportsRequiredAndOptionalInputFields" fullname="Hidano.UnityTimelineBuilder.Editor.Tests.BuildModelTests.BuildRequestSupportsRequiredAndOptionalInputFields" methodname="BuildRequestSupportsRequiredAndOptionalInputFields" classname="Hidano.UnityTimelineBuilder.Editor.Tests.BuildModelTests" runstate="Runnable" seed="1279184407" result="Passed" start-time="2026-08-20 16:00:12Z" end-time="2026-08-20 16:00:12Z" duration="0.000301" asserts="0">
                  <properties>
                    <property name="retryIteration" value="0" />
                    <property name="repeatIteration" value="0" />
                  </properties>
                </test-case>
                <test-case id="1006" name="BuildResultCopiesErrorsAndExposesOutputPaths" fullname="Hidano.UnityTimelineBuilder.Editor.Tests.BuildModelTests.BuildResultCopiesErrorsAndExposesOutputPaths" methodname="BuildResultCopiesErrorsAndExposesOutputPaths" classname="Hidano.UnityTimelineBuilder.Editor.Tests.BuildModelTests" runstate="Runnable" seed="1804825471" result="Passed" start-time="2026-08-20 16:00:12Z" end-time="2026-08-20 16:00:12Z" duration="0.000894" asserts="0">
                  <properties>
                    <property name="retryIteration" value="0" />
                    <property name="repeatIteration" value="0" />
                  </properties>
                </test-case>
                <test-case id="1005" name="ClipRowRetainsTypedInputAsImmutableProperties" fullname="Hidano.UnityTimelineBuilder.Editor.Tests.BuildModelTests.ClipRowRetainsTypedInputAsImmutableProperties" methodname="ClipRowRetainsTypedInputAsImmutableProperties" classname="Hidano.UnityTimelineBuilder.Editor.Tests.BuildModelTests" runstate="Runnable" seed="286765255" result="Passed" start-time="2026-08-20 16:00:12Z" end-time="2026-08-20 16:00:12Z" duration="0.000335" asserts="0">
                  <properties>
                    <property name="retryIteration" value="0" />
                    <property name="repeatIteration" value="0" />
                  </properties>
                </test-case>
                <test-case id="1007" name="ErrorCodeContainsEveryDefinedFailureCategory" fullname="Hidano.UnityTimelineBuilder.Editor.Tests.BuildModelTests.ErrorCodeContainsEveryDefinedFailureCategory" methodname="ErrorCodeContainsEveryDefinedFailureCategory" classname="Hidano.UnityTimelineBuilder.Editor.Tests.BuildModelTests" runstate="Runnable" seed="836363963" result="Passed" start-time="2026-08-20 16:00:12Z" end-time="2026-08-20 16:00:12Z" duration="0.000712" asserts="0">
                  <properties>
                    <property name="retryIteration" value="0" />
                    <property name="repeatIteration" value="0" />
                  </properties>
                </test-case>
              </test-suite>
              <test-suite type="TestFixture" id="1009" name="BuildSheetParserTests" fullname="Hidano.UnityTimelineBuilder.Editor.Tests.BuildSheetParserTests" classname="Hidano.UnityTimelineBuilder.Editor.Tests.BuildSheetParserTests" runstate="Runnable" testcasecount="4" result="Passed" start-time="2026-08-20 16:00:12Z" end-time="2026-08-20 16:00:12Z" duration="0.013003" total="4" passed="4" failed="0" inconclusive="0" skipped="0" asserts="0">
                <properties />
                <test-case id="1012" name="CollectsAllRowValidationErrorsWithOriginalLineNumbers" fullname="Hidano.UnityTimelineBuilder.Editor.Tests.BuildSheetParserTests.CollectsAllRowValidationErrorsWithOriginalLineNumbers" methodname="CollectsAllRowValidationErrorsWithOriginalLineNumbers" classname="Hidano.UnityTimelineBuilder.Editor.Tests.BuildSheetParserTests" runstate="Runnable" seed="1316971417" result="Passed" start-time="2026-08-20 16:00:12Z" end-time="2026-08-20 16:00:12Z" duration="0.003657" asserts="0">
                  <properties>
                    <property name="retryIteration" value="0" />
                    <property name="repeatIteration" value="0" />
                  </properties>
                </test-case>
                <test-case id="1010" name="ParsesHeaderWithShuffledColumnsCaseInsensitively" fullname="Hidano.UnityTimelineBuilder.Editor.Tests.BuildSheetParserTests.ParsesHeaderWithShuffledColumnsCaseInsensitively" methodname="ParsesHeaderWithShuffledColumnsCaseInsensitively" classname="Hidano.UnityTimelineBuilder.Editor.Tests.BuildSheetParserTests" runstate="Runnable" seed="561245999" result="Passed" start-time="2026-08-20 16:00:12Z" end-time="2026-08-20 16:00:12Z" duration="0.000690" asserts="0">
                  <properties>
                    <property name="retryIteration" value="0" />
                    <property name="repeatIteration" value="0" />
                  </properties>
                </test-case>
                <test-case id="1013" name="ReportsMissingHeaderColumns" fullname="Hidano.UnityTimelineBuilder.Editor.Tests.BuildSheetParserTests.ReportsMissingHeaderColumns" methodname="ReportsMissingHeaderColumns" classname="Hidano.UnityTimelineBuilder.Editor.Tests.BuildSheetParserTests" runstate="Runnable" seed="679545809" result="Passed" start-time="2026-08-20 16:00:12Z" end-time="2026-08-20 16:00:12Z" duration="0.001046" asserts="0">
                  <properties>
                    <property name="retryIteration" value="0" />
                    <property name="repeatIteration" value="0" />
                  </properties>
                </test-case>
                <test-case id="1011" name="UsesDefaultColumnOrderAndLogsWarningWhenHeaderIsAbsent" fullname="Hidano.UnityTimelineBuilder.Editor.Tests.BuildSheetParserTests.UsesDefaultColumnOrderAndLogsWarningWhenHeaderIsAbsent" methodname="UsesDefaultColumnOrderAndLogsWarningWhenHeaderIsAbsent" classname="Hidano.UnityTimelineBuilder.Editor.Tests.BuildSheetParserTests" runstate="Runnable" seed="1828277049" result="Passed" start-time="2026-08-20 16:00:12Z" end-time="2026-08-20 16:00:12Z" duration="0.002148" asserts="0">
                  <properties>
                    <property name="retryIteration" value="0" />
                    <property name="repeatIteration" value="0" />
                  </properties>
                  <output><![CDATA[[UnityTimelineBuilder] ヘッダー未検出のため既定列順で解釈します。
]]></output>
                </test-case>
              </test-suite>
              <test-suite type="TestFixture" id="1014" name="BundledTemplateE2ETests" fullname="Hidano.UnityTimelineBuilder.Editor.Tests.BundledTemplateE2ETests" classname="Hidano.UnityTimelineBuilder.Editor.Tests.BundledTemplateE2ETests" runstate="Runnable" testcasecount="1" result="Passed" start-time="2026-08-20 16:00:12Z" end-time="2026-08-20 16:00:12Z" duration="0.296041" total="1" passed="1" failed="0" inconclusive="0" skipped="0" asserts="0">
                <properties />
                <test-case id="1015" name="BuildsSuccessfullyFromBundledTemplateWithoutChangingItsInput" fullname="Hidano.UnityTimelineBuilder.Editor.Tests.BundledTemplateE2ETests.BuildsSuccessfullyFromBundledTemplateWithoutChangingItsInput" methodname="BuildsSuccessfullyFromBundledTemplateWithoutChangingItsInput" classname="Hidano.UnityTimelineBuilder.Editor.Tests.BundledTemplateE2ETests" runstate="Runnable" seed="968585214" result="Passed" start-time="2026-08-20 16:00:12Z" end-time="2026-08-20 16:00:12Z" duration="0.293584" asserts="0">
                  <properties>
                    <property name="retryIteration" value="0" />
                    <property name="repeatIteration" value="0" />
                  </properties>
                  <output><![CDATA[[UnityTimelineBuilder] TimelineAsset: Assets/UnityTimelineBuilder/Tests/TemplateE2EOutput/BundledTemplate.playable
[UnityTimelineBuilder] Prefab: Assets/UnityTimelineBuilder/Tests/TemplateE2EOutput/BundledTemplate.prefab
]]></output>
                </test-case>
              </test-suite>
              <test-suite type="TestFixture" id="1016" name="CsvSheetReaderTests" fullname="Hidano.UnityTimelineBuilder.Editor.Tests.CsvSheetReaderTests" classname="Hidano.UnityTimelineBuilder.Editor.Tests.CsvSheetReaderTests" runstate="Runnable" testcasecount="5" result="Passed" start-time="2026-08-20 16:00:12Z" end-time="2026-08-20 16:00:12Z" duration="0.024151" total="5" passed="5" failed="0" inconclusive="0" skipped="0" asserts="0">
                <properties />
                <test-case id="1021" name="ReadAllRejectsUnclosedQuotedFieldWithPath" fullname="Hidano.UnityTimelineBuilder.Editor.Tests.CsvSheetReaderTests.ReadAllRejectsUnclosedQuotedFieldWithPath" methodname="ReadAllRejectsUnclosedQuotedFieldWithPath" classname="Hidano.UnityTimelineBuilder.Editor.Tests.CsvSheetReaderTests" runstate="Runnable" seed="321993872" result="Passed" start-time="2026-08-20 16:00:12Z" end-time="2026-08-20 16:00:12Z" duration="0.007545" asserts="0">
                  <properties>
                    <property name="retryIteration" value="0" />
                    <property name="repeatIteration" value="0" />
                  </properties>
                </test-case>
                <test-case id="1019" name="ReadAllRejectsUnsupportedExtensionWithPath" fullname="Hidano.UnityTimelineBuilder.Editor.Tests.CsvSheetReaderTests.ReadAllRejectsUnsupportedExtensionWithPath" methodname="ReadAllRejectsUnsupportedExtensionWithPath" classname="Hidano.UnityTimelineBuilder.Editor.Tests.CsvSheetReaderTests" runstate="Runnable" seed="984954103" result="Passed" start-time="2026-08-20 16:00:12Z" end-time="2026-08-20 16:00:12Z" duration="0.001199" asserts="0">
                  <properties>
                    <property name="retryIteration" value="0" />
                    <property name="repeatIteration" value="0" />
                  </properties>
                </test-case>
                <test-case id="1020" name="ReadAllReportsMissingFileWithPath" fullname="Hidano.UnityTimelineBuilder.Editor.Tests.CsvSheetReaderTests.ReadAllReportsMissingFileWithPath" methodname="ReadAllReportsMissingFileWithPath" classname="Hidano.UnityTimelineBuilder.Editor.Tests.CsvSheetReaderTests" runstate="Runnable" seed="728494340" result="Passed" start-time="2026-08-20 16:00:12Z" end-time="2026-08-20 16:00:12Z" duration="0.001126" asserts="0">
                  <properties>
                    <property name="retryIteration" value="0" />
                    <property name="repeatIteration" value="0" />
                  </properties>
                </test-case>
                <test-case id="1017" name="ReadAllSupportsBomMixedNewlinesQuotedFieldsAndEscapedQuotes" fullname="Hidano.UnityTimelineBuilder.Editor.Tests.CsvSheetReaderTests.ReadAllSupportsBomMixedNewlinesQuotedFieldsAndEscapedQuotes" methodname="ReadAllSupportsBomMixedNewlinesQuotedFieldsAndEscapedQuotes" classname="Hidano.UnityTimelineBuilder.Editor.Tests.CsvSheetReaderTests" runstate="Runnable" seed="580557585" result="Passed" start-time="2026-08-20 16:00:12Z" end-time="2026-08-20 16:00:12Z" duration="0.002618" asserts="0">
                  <properties>
                    <property name="retryIteration" value="0" />
                    <property name="repeatIteration" value="0" />
                  </properties>
                </test-case>
                <test-case id="1018" name="ReadAllUsesTabDelimiterForTsv" fullname="Hidano.UnityTimelineBuilder.Editor.Tests.CsvSheetReaderTests.ReadAllUsesTabDelimiterForTsv" methodname="ReadAllUsesTabDelimiterForTsv" classname="Hidano.UnityTimelineBuilder.Editor.Tests.CsvSheetReaderTests" runstate="Runnable" seed="533057805" result="Passed" start-time="2026-08-20 16:00:12Z" end-time="2026-08-20 16:00:12Z" duration="0.005460" asserts="0">
                  <properties>
                    <property name="retryIteration" value="0" />
                    <property name="repeatIteration" value="0" />
                  </properties>
                </test-case>
              </test-suite>
              <test-suite type="TestFixture" id="1022" name="ExternalAssetImporterTests" fullname="Hidano.UnityTimelineBuilder.Editor.Tests.ExternalAssetImporterTests" classname="Hidano.UnityTimelineBuilder.Editor.Tests.ExternalAssetImporterTests" runstate="Runnable" testcasecount="3" result="Passed" start-time="2026-08-20 16:00:12Z" end-time="2026-08-20 16:00:13Z" duration="0.432463" total="3" passed="3" failed="0" inconclusive="0" skipped="0" asserts="0">
                <properties />
                <test-case id="1023" name="CopiesAbsoluteFileAndSynchronouslyImportsIt" fullname="Hidano.UnityTimelineBuilder.Editor.Tests.ExternalAssetImporterTests.CopiesAbsoluteFileAndSynchronouslyImportsIt" methodname="CopiesAbsoluteFileAndSynchronouslyImportsIt" classname="Hidano.UnityTimelineBuilder.Editor.Tests.ExternalAssetImporterTests" runstate="Runnable" seed="272024650" result="Passed" start-time="2026-08-20 16:00:12Z" end-time="2026-08-20 16:00:12Z" duration="0.199401" asserts="0">
                  <properties>
                    <property name="retryIteration" value="0" />
                    <property name="repeatIteration" value="0" />
                  </properties>
                  <output><![CDATA[A meta data file (.meta) exists but its folder 'Assets/UnityTimelineBuilder/Imported/Test_ea0911215e2e4825ac80d341722eaac2' can't be found, and has been created. Empty directories cannot be stored in version control, so it's assumed that the meta data file is for an empty directory in version control. When moving or deleting folders outside of Unity, please ensure that the corresponding .meta file is moved or deleted along with it.
]]></output>
                </test-case>
                <test-case id="1024" name="ResolvesRelativeFileFromSheetDirectoryAndOverwritesExistingCopy" fullname="Hidano.UnityTimelineBuilder.Editor.Tests.ExternalAssetImporterTests.ResolvesRelativeFileFromSheetDirectoryAndOverwritesExistingCopy" methodname="ResolvesRelativeFileFromSheetDirectoryAndOverwritesExistingCopy" classname="Hidano.UnityTimelineBuilder.Editor.Tests.ExternalAssetImporterTests" runstate="Runnable" seed="667601513" result="Passed" start-time="2026-08-20 16:00:12Z" end-time="2026-08-20 16:00:13Z" duration="0.222201" asserts="0">
                  <properties>
                    <property name="retryIteration" value="0" />
                    <property name="repeatIteration" value="0" />
                  </properties>
                  <output><![CDATA[[UnityTimelineBuilder] 外部アセットを上書きしました: Assets/UnityTimelineBuilder/Imported/Test_27a7d7d43ccf4a6c8dbf36a280c3e90a/sample.txt
A meta data file (.meta) exists but its folder 'Assets/UnityTimelineBuilder/Imported/Test_27a7d7d43ccf4a6c8dbf36a280c3e90a' can't be found, and has been created. Empty directories cannot be stored in version control, so it's assumed that the meta data file is for an empty directory in version control. When moving or deleting folders outside of Unity, please ensure that the corresponding .meta file is moved or deleted along with it.
]]></output>
                </test-case>
                <test-case id="1025" name="ReturnsImportErrorWhenSourceDoesNotExist" fullname="Hidano.UnityTimelineBuilder.Editor.Tests.ExternalAssetImporterTests.ReturnsImportErrorWhenSourceDoesNotExist" methodname="ReturnsImportErrorWhenSourceDoesNotExist" classname="Hidano.UnityTimelineBuilder.Editor.Tests.ExternalAssetImporterTests" runstate="Runnable" seed="2070621864" result="Passed" start-time="2026-08-20 16:00:13Z" end-time="2026-08-20 16:00:13Z" duration="0.006579" asserts="0">
                  <properties>
                    <property name="retryIteration" value="0" />
                    <property name="repeatIteration" value="0" />
                  </properties>
                </test-case>
              </test-suite>
              <test-suite type="TestFixture" id="1026" name="ExternalResourceIntegrationTests" fullname="Hidano.UnityTimelineBuilder.Editor.Tests.ExternalResourceIntegrationTests" classname="Hidano.UnityTimelineBuilder.Editor.Tests.ExternalResourceIntegrationTests" runstate="Runnable" testcasecount="2" result="Failed" site="Child" start-time="2026-08-20 16:00:13Z" end-time="2026-08-20 16:00:13Z" duration="0.418130" total="2" passed="0" failed="2" inconclusive="0" skipped="0" asserts="0">
                <properties />
                <failure>
                  <message><![CDATA[One or more child tests had errors]]></message>
                </failure>
                <test-case id="1027" name="BuildsTimelineFromExternalWavMp3AndNamedFbxClip" fullname="Hidano.UnityTimelineBuilder.Editor.Tests.ExternalResourceIntegrationTests.BuildsTimelineFromExternalWavMp3AndNamedFbxClip" methodname="BuildsTimelineFromExternalWavMp3AndNamedFbxClip" classname="Hidano.UnityTimelineBuilder.Editor.Tests.ExternalResourceIntegrationTests" runstate="Runnable" seed="324892051" result="Failed" start-time="2026-08-20 16:00:13Z" end-time="2026-08-20 16:00:13Z" duration="0.277780" asserts="0">
                  <properties>
                    <property name="retryIteration" value="0" />
                    <property name="repeatIteration" value="0" />
                  </properties>
                  <failure>
                    <message><![CDATA[  FBX 内の AnimationClip が clipName と一致しません: Walk. 候補: Anim|Walk, Anim|Run
  Expected: True
  But was:  False
]]></message>
                    <stack-trace><![CDATA[at Hidano.UnityTimelineBuilder.Editor.Tests.ExternalResourceIntegrationTests.BuildsTimelineFromExternalWavMp3AndNamedFbxClip () [0x00047] in .\Packages\com.hidano.unity-timeline-builder\Tests\Editor\ExternalResourceIntegrationTests.cs:60
]]></stack-trace>
                  </failure>
                  <output><![CDATA[[UnityTimelineBuilder] ResourceNotFound: FBX 内の AnimationClip が clipName と一致しません: Walk. 候補: Anim|Walk, Anim|Run
]]></output>
                </test-case>
                <test-case id="1028" name="ReportsLineNumberWhenExternalFbxClipNameDoesNotMatch" fullname="Hidano.UnityTimelineBuilder.Editor.Tests.ExternalResourceIntegrationTests.ReportsLineNumberWhenExternalFbxClipNameDoesNotMatch" methodname="ReportsLineNumberWhenExternalFbxClipNameDoesNotMatch" classname="Hidano.UnityTimelineBuilder.Editor.Tests.ExternalResourceIntegrationTests" runstate="Runnable" seed="122848378" result="Failed" start-time="2026-08-20 16:00:13Z" end-time="2026-08-20 16:00:13Z" duration="0.136757" asserts="0">
                  <properties>
                    <property name="retryIteration" value="0" />
                    <property name="repeatIteration" value="0" />
                  </properties>
                  <failure>
                    <message><![CDATA[Unhandled log message: '[Error] [UnityTimelineBuilder] ResourceNotFound: FBX 内の AnimationClip が clipName と一致しません: MissingClip. 候補: Anim|Walk, Anim|Run'. Use UnityEngine.TestTools.LogAssert.Expect]]></message>
                    <stack-trace><![CDATA[Hidano.UnityTimelineBuilder.Editor.TimelineBuilder:Failure (System.Collections.Generic.IEnumerable`1<Hidano.UnityTimelineBuilder.Editor.BuildError>) (at ./Packages/com.hidano.unity-timeline-builder/Editor/Api/TimelineBuilder.cs:183)
Hidano.UnityTimelineBuilder.Editor.TimelineBuilder:Build (Hidano.UnityTimelineBuilder.Editor.BuildRequest) (at ./Packages/com.hidano.unity-timeline-builder/Editor/Api/TimelineBuilder.cs:108)
Hidano.UnityTimelineBuilder.Editor.Tests.ExternalResourceIntegrationTests:ReportsLineNumberWhenExternalFbxClipNameDoesNotMatch () (at ./Packages/com.hidano.unity-timeline-builder/Tests/Editor/ExternalResourceIntegrationTests.cs:78)
System.Reflection.MethodBase:Invoke (object,object[])
NUnit.Framework.Internal.Reflect:InvokeMethod (System.Reflection.MethodInfo,object,object[])
NUnit.Framework.Internal.MethodWrapper:Invoke (object,object[])
NUnit.Framework.Internal.Commands.TestMethodCommand:RunNonAsyncTestMethod (NUnit.Framework.Internal.ITestExecutionContext)
NUnit.Framework.Internal.Commands.TestMethodCommand:RunTestMethod (NUnit.Framework.Internal.ITestExecutionContext)
NUnit.Framework.Internal.Commands.TestMethodCommand:Execute (NUnit.Framework.Internal.ITestExecutionContext)
UnityEditor.EditorApplication:Internal_CallUpdateFunctions ()

]]></stack-trace>
                  </failure>
                  <output><![CDATA[[UnityTimelineBuilder] ResourceNotFound: FBX 内の AnimationClip が clipName と一致しません: MissingClip. 候補: Anim|Walk, Anim|Run
]]></output>
                </test-case>
              </test-suite>
              <test-suite type="TestFixture" id="1029" name="PrefabBuilderIntegrationTests" fullname="Hidano.UnityTimelineBuilder.Editor.Tests.PrefabBuilderIntegrationTests" classname="Hidano.UnityTimelineBuilder.Editor.Tests.PrefabBuilderIntegrationTests" runstate="Runnable" testcasecount="1" result="Passed" start-time="2026-08-20 16:00:13Z" end-time="2026-08-20 16:00:13Z" duration="0.312682" total="1" passed="1" failed="0" inconclusive="0" skipped="0" asserts="0">
                <properties />
                <test-case id="1030" name="BuildsPrefabWithDirectorAndPreservesAssetsAcrossIdempotentOverwrite" fullname="Hidano.UnityTimelineBuilder.Editor.Tests.PrefabBuilderIntegrationTests.BuildsPrefabWithDirectorAndPreservesAssetsAcrossIdempotentOverwrite" methodname="BuildsPrefabWithDirectorAndPreservesAssetsAcrossIdempotentOverwrite" classname="Hidano.UnityTimelineBuilder.Editor.Tests.PrefabBuilderIntegrationTests" runstate="Runnable" seed="1516528414" result="Passed" start-time="2026-08-20 16:00:13Z" end-time="2026-08-20 16:00:13Z" duration="0.310549" asserts="0">
                  <properties>
                    <property name="retryIteration" value="0" />
                    <property name="repeatIteration" value="0" />
                  </properties>
                  <output><![CDATA[[UnityTimelineBuilder] TimelineAsset: Assets/UnityTimelineBuilder/Tests/PrefabIntegrationOutput/PrefabIntegration.playable
[UnityTimelineBuilder] Prefab: Assets/UnityTimelineBuilder/Tests/PrefabIntegrationOutput/PrefabIntegration.prefab
[UnityTimelineBuilder] Overwriting TimelineAsset: Assets/UnityTimelineBuilder/Tests/PrefabIntegrationOutput/PrefabIntegration.playable
[UnityTimelineBuilder] Overwriting Prefab: Assets/UnityTimelineBuilder/Tests/PrefabIntegrationOutput/PrefabIntegration.prefab
[UnityTimelineBuilder] TimelineAsset: Assets/UnityTimelineBuilder/Tests/PrefabIntegrationOutput/PrefabIntegration.playable
[UnityTimelineBuilder] Prefab: Assets/UnityTimelineBuilder/Tests/PrefabIntegrationOutput/PrefabIntegration.prefab
]]></output>
                </test-case>
              </test-suite>
              <test-suite type="TestFixture" id="1031" name="ResourceResolverRegistryTests" fullname="Hidano.UnityTimelineBuilder.Editor.Tests.ResourceResolverRegistryTests" classname="Hidano.UnityTimelineBuilder.Editor.Tests.ResourceResolverRegistryTests" runstate="Runnable" testcasecount="5" result="Passed" start-time="2026-08-20 16:00:13Z" end-time="2026-08-20 16:00:13Z" duration="0.006952" total="5" passed="5" failed="0" inconclusive="0" skipped="0" asserts="0">
                <properties />
                <test-case id="1032" name="RegisterAndTryGetFindsResolverByKindIgnoringCaseAndWhitespace" fullname="Hidano.UnityTimelineBuilder.Editor.Tests.ResourceResolverRegistryTests.RegisterAndTryGetFindsResolverByKindIgnoringCaseAndWhitespace" methodname="RegisterAndTryGetFindsResolverByKindIgnoringCaseAndWhitespace" classname="Hidano.UnityTimelineBuilder.Editor.Tests.ResourceResolverRegistryTests" runstate="Runnable" seed="1135900746" result="Passed" start-time="2026-08-20 16:00:13Z" end-time="2026-08-20 16:00:13Z" duration="0.000454" asserts="0">
                  <properties>
                    <property name="retryIteration" value="0" />
                    <property name="repeatIteration" value="0" />
                  </properties>
                </test-case>
                <test-case id="1035" name="RegisterRejectsNullAndEmptyKinds" fullname="Hidano.UnityTimelineBuilder.Editor.Tests.ResourceResolverRegistryTests.RegisterRejectsNullAndEmptyKinds" methodname="RegisterRejectsNullAndEmptyKinds" classname="Hidano.UnityTimelineBuilder.Editor.Tests.ResourceResolverRegistryTests" runstate="Runnable" seed="823179720" result="Passed" start-time="2026-08-20 16:00:13Z" end-time="2026-08-20 16:00:13Z" duration="0.000461" asserts="0">
                  <properties>
                    <property name="retryIteration" value="0" />
                    <property name="repeatIteration" value="0" />
                  </properties>
                </test-case>
                <test-case id="1033" name="RegisterReplacesResolverForExistingKind" fullname="Hidano.UnityTimelineBuilder.Editor.Tests.ResourceResolverRegistryTests.RegisterReplacesResolverForExistingKind" methodname="RegisterReplacesResolverForExistingKind" classname="Hidano.UnityTimelineBuilder.Editor.Tests.ResourceResolverRegistryTests" runstate="Runnable" seed="1984308041" result="Passed" start-time="2026-08-20 16:00:13Z" end-time="2026-08-20 16:00:13Z" duration="0.000208" asserts="0">
                  <properties>
                    <property name="retryIteration" value="0" />
                    <property name="repeatIteration" value="0" />
                  </properties>
                </test-case>
                <test-case id="1034" name="ResetForTestClearsRegisteredResolvers" fullname="Hidano.UnityTimelineBuilder.Editor.Tests.ResourceResolverRegistryTests.ResetForTestClearsRegisteredResolvers" methodname="ResetForTestClearsRegisteredResolvers" classname="Hidano.UnityTimelineBuilder.Editor.Tests.ResourceResolverRegistryTests" runstate="Runnable" seed="1832088587" result="Passed" start-time="2026-08-20 16:00:13Z" end-time="2026-08-20 16:00:13Z" duration="0.000183" asserts="0">
                  <properties>
                    <property name="retryIteration" value="0" />
                    <property name="repeatIteration" value="0" />
                  </properties>
                </test-case>
                <test-case id="1036" name="TryGetReturnsFalseForMissingOrEmptyKinds" fullname="Hidano.UnityTimelineBuilder.Editor.Tests.ResourceResolverRegistryTests.TryGetReturnsFalseForMissingOrEmptyKinds" methodname="TryGetReturnsFalseForMissingOrEmptyKinds" classname="Hidano.UnityTimelineBuilder.Editor.Tests.ResourceResolverRegistryTests" runstate="Runnable" seed="749862233" result="Passed" start-time="2026-08-20 16:00:13Z" end-time="2026-08-20 16:00:13Z" duration="0.000187" asserts="0">
                  <properties>
                    <property name="retryIteration" value="0" />
                    <property name="repeatIteration" value="0" />
                  </properties>
                </test-case>
              </test-suite>
              <test-suite type="TestFixture" id="1037" name="TimelineAssetFactoryTests" fullname="Hidano.UnityTimelineBuilder.Editor.Tests.TimelineAssetFactoryTests" classname="Hidano.UnityTimelineBuilder.Editor.Tests.TimelineAssetFactoryTests" runstate="Runnable" testcasecount="2" result="Passed" start-time="2026-08-20 16:00:13Z" end-time="2026-08-20 16:00:13Z" duration="0.138237" total="2" passed="2" failed="0" inconclusive="0" skipped="0" asserts="0">
                <properties />
                <test-case id="1038" name="GroupsRowsByTrackTypeAndExactTrackName" fullname="Hidano.UnityTimelineBuilder.Editor.Tests.TimelineAssetFactoryTests.GroupsRowsByTrackTypeAndExactTrackName" methodname="GroupsRowsByTrackTypeAndExactTrackName" classname="Hidano.UnityTimelineBuilder.Editor.Tests.TimelineAssetFactoryTests" runstate="Runnable" seed="1537462532" result="Passed" start-time="2026-08-20 16:00:13Z" end-time="2026-08-20 16:00:13Z" duration="0.060297" asserts="0">
                  <properties>
                    <property name="retryIteration" value="0" />
                    <property name="repeatIteration" value="0" />
                  </properties>
                </test-case>
                <test-case id="1039" name="OverwritesExistingAssetInPlaceAndPreservesGuid" fullname="Hidano.UnityTimelineBuilder.Editor.Tests.TimelineAssetFactoryTests.OverwritesExistingAssetInPlaceAndPreservesGuid" methodname="OverwritesExistingAssetInPlaceAndPreservesGuid" classname="Hidano.UnityTimelineBuilder.Editor.Tests.TimelineAssetFactoryTests" runstate="Runnable" seed="665352687" result="Passed" start-time="2026-08-20 16:00:13Z" end-time="2026-08-20 16:00:13Z" duration="0.074728" asserts="0">
                  <properties>
                    <property name="retryIteration" value="0" />
                    <property name="repeatIteration" value="0" />
                  </properties>
                  <output><![CDATA[[UnityTimelineBuilder] Overwriting TimelineAsset: Assets/TimelineAssetFactoryTests.playable
]]></output>
                </test-case>
              </test-suite>
              <test-suite type="TestFixture" id="1040" name="TimelineBuilderCliTests" fullname="Hidano.UnityTimelineBuilder.Editor.Tests.TimelineBuilderCliTests" classname="Hidano.UnityTimelineBuilder.Editor.Tests.TimelineBuilderCliTests" runstate="Runnable" testcasecount="3" result="Passed" start-time="2026-08-20 16:00:13Z" end-time="2026-08-20 16:00:13Z" duration="0.008459" total="3" passed="3" failed="0" inconclusive="0" skipped="0" asserts="0">
                <properties />
                <test-case id="1042" name="RunReturnsArgumentFailureWhenOutputDirectoryIsOutsideAssets" fullname="Hidano.UnityTimelineBuilder.Editor.Tests.TimelineBuilderCliTests.RunReturnsArgumentFailureWhenOutputDirectoryIsOutsideAssets" methodname="RunReturnsArgumentFailureWhenOutputDirectoryIsOutsideAssets" classname="Hidano.UnityTimelineBuilder.Editor.Tests.TimelineBuilderCliTests" runstate="Runnable" seed="995893872" result="Passed" start-time="2026-08-20 16:00:13Z" end-time="2026-08-20 16:00:13Z" duration="0.001764" asserts="0">
                  <properties>
                    <property name="retryIteration" value="0" />
                    <property name="repeatIteration" value="0" />
                  </properties>
                  <output><![CDATA[[UnityTimelineBuilder] 引数が不正です: OutputDirectory must be under Assets/.
Parameter name: OutputDirectory
]]></output>
                </test-case>
                <test-case id="1041" name="RunReturnsArgumentFailureWhenRequiredOptionsAreMissing" fullname="Hidano.UnityTimelineBuilder.Editor.Tests.TimelineBuilderCliTests.RunReturnsArgumentFailureWhenRequiredOptionsAreMissing" methodname="RunReturnsArgumentFailureWhenRequiredOptionsAreMissing" classname="Hidano.UnityTimelineBuilder.Editor.Tests.TimelineBuilderCliTests" runstate="Runnable" seed="981086452" result="Passed" start-time="2026-08-20 16:00:13Z" end-time="2026-08-20 16:00:13Z" duration="0.000815" asserts="0">
                  <properties>
                    <property name="retryIteration" value="0" />
                    <property name="repeatIteration" value="0" />
                  </properties>
                  <output><![CDATA[[UnityTimelineBuilder] 引数が不正です: 必須オプションが指定されていません: -sheetPath
]]></output>
                </test-case>
                <test-case id="1043" name="RunReturnsBuildFailureWhenSheetDoesNotExist" fullname="Hidano.UnityTimelineBuilder.Editor.Tests.TimelineBuilderCliTests.RunReturnsBuildFailureWhenSheetDoesNotExist" methodname="RunReturnsBuildFailureWhenSheetDoesNotExist" classname="Hidano.UnityTimelineBuilder.Editor.Tests.TimelineBuilderCliTests" runstate="Runnable" seed="1930261103" result="Passed" start-time="2026-08-20 16:00:13Z" end-time="2026-08-20 16:00:13Z" duration="0.001863" asserts="0">
                  <properties>
                    <property name="retryIteration" value="0" />
                    <property name="repeatIteration" value="0" />
                  </properties>
                  <output><![CDATA[[UnityTimelineBuilder] SheetNotFound: 構築情報ファイルが見つかりません: Assets/missing-build-sheet.csv
[UnityTimelineBuilder] 構築に失敗しました (エラー数: 1)。
[UnityTimelineBuilder] SheetNotFound [Assets/missing-build-sheet.csv]: 構築情報ファイルが見つかりません: Assets/missing-build-sheet.csv
]]></output>
                </test-case>
              </test-suite>
              <test-suite type="TestFixture" id="1044" name="TimelineBuilderIntegrationTests" fullname="Hidano.UnityTimelineBuilder.Editor.Tests.TimelineBuilderIntegrationTests" classname="Hidano.UnityTimelineBuilder.Editor.Tests.TimelineBuilderIntegrationTests" runstate="Runnable" testcasecount="1" result="Passed" start-time="2026-08-20 16:00:13Z" end-time="2026-08-20 16:00:14Z" duration="0.281057" total="1" passed="1" failed="0" inconclusive="0" skipped="0" asserts="0">
                <properties />
                <test-case id="1045" name="BuildsTimelineFromFixtureAndPreservesConfiguredClips" fullname="Hidano.UnityTimelineBuilder.Editor.Tests.TimelineBuilderIntegrationTests.BuildsTimelineFromFixtureAndPreservesConfiguredClips" methodname="BuildsTimelineFromFixtureAndPreservesConfiguredClips" classname="Hidano.UnityTimelineBuilder.Editor.Tests.TimelineBuilderIntegrationTests" runstate="Runnable" seed="1142470500" result="Passed" start-time="2026-08-20 16:00:13Z" end-time="2026-08-20 16:00:14Z" duration="0.279324" asserts="0">
                  <properties>
                    <property name="retryIteration" value="0" />
                    <property name="repeatIteration" value="0" />
                  </properties>
                  <output><![CDATA[[UnityTimelineBuilder] TimelineAsset: Assets/UnityTimelineBuilder/Tests/IntegrationOutput/TimelineIntegration.playable
[UnityTimelineBuilder] Prefab: Assets/UnityTimelineBuilder/Tests/IntegrationOutput/TimelineIntegration.prefab
]]></output>
                </test-case>
              </test-suite>
              <test-suite type="TestFixture" id="1046" name="TrackBuilderRegistryTests" fullname="Hidano.UnityTimelineBuilder.Editor.Tests.TrackBuilderRegistryTests" classname="Hidano.UnityTimelineBuilder.Editor.Tests.TrackBuilderRegistryTests" runstate="Runnable" testcasecount="6" result="Passed" start-time="2026-08-20 16:00:14Z" end-time="2026-08-20 16:00:14Z" duration="0.007980" total="6" passed="6" failed="0" inconclusive="0" skipped="0" asserts="0">
                <properties />
                <test-case id="1047" name="BuiltInTrackTypesAreKnownCaseInsensitively" fullname="Hidano.UnityTimelineBuilder.Editor.Tests.TrackBuilderRegistryTests.BuiltInTrackTypesAreKnownCaseInsensitively" methodname="BuiltInTrackTypesAreKnownCaseInsensitively" classname="Hidano.UnityTimelineBuilder.Editor.Tests.TrackBuilderRegistryTests" runstate="Runnable" seed="1610339512" result="Passed" start-time="2026-08-20 16:00:14Z" end-time="2026-08-20 16:00:14Z" duration="0.000363" asserts="0">
                  <properties>
                    <property name="retryIteration" value="0" />
                    <property name="repeatIteration" value="0" />
                  </properties>
                </test-case>
                <test-case id="1048" name="RegisterAndTryGetFindsBuilderByTrimmedCaseInsensitiveKey" fullname="Hidano.UnityTimelineBuilder.Editor.Tests.TrackBuilderRegistryTests.RegisterAndTryGetFindsBuilderByTrimmedCaseInsensitiveKey" methodname="RegisterAndTryGetFindsBuilderByTrimmedCaseInsensitiveKey" classname="Hidano.UnityTimelineBuilder.Editor.Tests.TrackBuilderRegistryTests" runstate="Runnable" seed="177258251" result="Passed" start-time="2026-08-20 16:00:14Z" end-time="2026-08-20 16:00:14Z" duration="0.000313" asserts="0">
                  <properties>
                    <property name="retryIteration" value="0" />
                    <property name="repeatIteration" value="0" />
                  </properties>
                </test-case>
                <test-case id="1051" name="RegisterRejectsNullAndEmptyKeys" fullname="Hidano.UnityTimelineBuilder.Editor.Tests.TrackBuilderRegistryTests.RegisterRejectsNullAndEmptyKeys" methodname="RegisterRejectsNullAndEmptyKeys" classname="Hidano.UnityTimelineBuilder.Editor.Tests.TrackBuilderRegistryTests" runstate="Runnable" seed="212810284" result="Passed" start-time="2026-08-20 16:00:14Z" end-time="2026-08-20 16:00:14Z" duration="0.000417" asserts="0">
                  <properties>
                    <property name="retryIteration" value="0" />
                    <property name="repeatIteration" value="0" />
                  </properties>
                </test-case>
                <test-case id="1049" name="RegisterReplacesBuilderForExistingKey" fullname="Hidano.UnityTimelineBuilder.Editor.Tests.TrackBuilderRegistryTests.RegisterReplacesBuilderForExistingKey" methodname="RegisterReplacesBuilderForExistingKey" classname="Hidano.UnityTimelineBuilder.Editor.Tests.TrackBuilderRegistryTests" runstate="Runnable" seed="706769360" result="Passed" start-time="2026-08-20 16:00:14Z" end-time="2026-08-20 16:00:14Z" duration="0.000213" asserts="0">
                  <properties>
                    <property name="retryIteration" value="0" />
                    <property name="repeatIteration" value="0" />
                  </properties>
                </test-case>
                <test-case id="1050" name="ResetForTestRestoresBuiltInsAndRemovesCustomBuilders" fullname="Hidano.UnityTimelineBuilder.Editor.Tests.TrackBuilderRegistryTests.ResetForTestRestoresBuiltInsAndRemovesCustomBuilders" methodname="ResetForTestRestoresBuiltInsAndRemovesCustomBuilders" classname="Hidano.UnityTimelineBuilder.Editor.Tests.TrackBuilderRegistryTests" runstate="Runnable" seed="571766666" result="Passed" start-time="2026-08-20 16:00:14Z" end-time="2026-08-20 16:00:14Z" duration="0.000180" asserts="0">
                  <properties>
                    <property name="retryIteration" value="0" />
                    <property name="repeatIteration" value="0" />
                  </properties>
                </test-case>
                <test-case id="1052" name="TryGetReturnsFalseForMissingOrEmptyKeys" fullname="Hidano.UnityTimelineBuilder.Editor.Tests.TrackBuilderRegistryTests.TryGetReturnsFalseForMissingOrEmptyKeys" methodname="TryGetReturnsFalseForMissingOrEmptyKeys" classname="Hidano.UnityTimelineBuilder.Editor.Tests.TrackBuilderRegistryTests" runstate="Runnable" seed="722466608" result="Passed" start-time="2026-08-20 16:00:14Z" end-time="2026-08-20 16:00:14Z" duration="0.000182" asserts="0">
                  <properties>
                    <property name="retryIteration" value="0" />
                    <property name="repeatIteration" value="0" />
                  </properties>
                  <output><![CDATA[Saving results to: C:/Users/Hidano/AppData/LocalLow/DefaultCompany/UnityTimelineBuilder\TestResults.xml
]]></output>
                </test-case>
              </test-suite>
            </test-suite>
          </test-suite>
        </test-suite>
      </test-suite>
    </test-suite>
  </test-suite>
</test-run>