<?xml version="1.0" encoding="utf-8"?>
<test-run id="2" testcasecount="54" result="Failed" total="54" passed="53" failed="1" skipped="0" inconclusive="0" start-time="2026-08-21 13:41:27" end-time="2026-08-21 13:41:31" duration="3.504">
  <test-suite type="TestSuite" name="UnityTimelineBuilder" fullname="UnityTimelineBuilder" result="Failed" start-time="2026-08-21 13:41:27" end-time="2026-08-21 13:41:31" duration="3.504" total="54" passed="53" failed="1" skipped="0" inconclusive="0">
    <test-suite type="TestSuite" name="Hidano.UnityTimelineBuilder.Editor.Tests.dll" fullname="D:/Personal/Repositries/unity-timeline-builder/UnityTimelineBuilder/Library/ScriptAssemblies/Hidano.UnityTimelineBuilder.Editor.Tests.dll" result="Failed" start-time="2026-08-21 13:41:27" end-time="2026-08-21 13:41:31" duration="3.499" total="54" passed="53" failed="1" skipped="0" inconclusive="0">
      <test-suite type="TestSuite" name="Hidano" fullname="Hidano" result="Failed" start-time="2026-08-21 13:41:27" end-time="2026-08-21 13:41:31" duration="3.498" total="54" passed="53" failed="1" skipped="0" inconclusive="0">
        <test-suite type="TestSuite" name="UnityTimelineBuilder" fullname="Hidano.UnityTimelineBuilder" result="Failed" start-time="2026-08-21 13:41:27" end-time="2026-08-21 13:41:31" duration="3.498" total="54" passed="53" failed="1" skipped="0" inconclusive="0">
          <test-suite type="TestSuite" name="Editor" fullname="Hidano.UnityTimelineBuilder.Editor" result="Failed" start-time="2026-08-21 13:41:27" end-time="2026-08-21 13:41:31" duration="3.498" total="54" passed="53" failed="1" skipped="0" inconclusive="0">
            <test-suite type="TestSuite" name="Tests" fullname="Hidano.UnityTimelineBuilder.Editor.Tests" result="Failed" start-time="2026-08-21 13:41:27" end-time="2026-08-21 13:41:31" duration="3.498" total="54" passed="53" failed="1" skipped="0" inconclusive="0">
              <test-suite type="Hidano.UnityTimelineBuilder.Editor.Tests.AnimationTrackBuilderTests" name="AnimationTrackBuilderTests" fullname="Hidano.UnityTimelineBuilder.Editor.Tests.AnimationTrackBuilderTests" result="Passed" start-time="2026-08-21 13:41:27" end-time="2026-08-21 13:41:28" duration="0.029" total="3" passed="3" failed="0" skipped="0" inconclusive="0">
                <test-case name="AddsAnimationClipWithRowValuesAndResolvedAsset" fullname="Hidano.UnityTimelineBuilder.Editor.Tests.AnimationTrackBuilderTests.AddsAnimationClipWithRowValuesAndResolvedAsset" result="Passed" start-time="2026-08-21 13:41:27" end-time="2026-08-21 13:41:28" duration="0.018" />
                <test-case name="CreatesAnimationTrackWithRequestedName" fullname="Hidano.UnityTimelineBuilder.Editor.Tests.AnimationTrackBuilderTests.CreatesAnimationTrackWithRequestedName" result="Passed" start-time="2026-08-21 13:41:28" end-time="2026-08-21 13:41:28" duration="0.002" />
                <test-case name="FallsBackToAssetLengthAndNameWhenOptionalValuesAreEmpty" fullname="Hidano.UnityTimelineBuilder.Editor.Tests.AnimationTrackBuilderTests.FallsBackToAssetLengthAndNameWhenOptionalValuesAreEmpty" result="Passed" start-time="2026-08-21 13:41:28" end-time="2026-08-21 13:41:28" duration="0.001" />
              </test-suite>
              <test-suite type="Hidano.UnityTimelineBuilder.Editor.Tests.AudioTrackBuilderTests" name="AudioTrackBuilderTests" fullname="Hidano.UnityTimelineBuilder.Editor.Tests.AudioTrackBuilderTests" result="Passed" start-time="2026-08-21 13:41:28" end-time="2026-08-21 13:41:28" duration="0.010" total="2" passed="2" failed="0" skipped="0" inconclusive="0">
                <test-case name="FallsBackToAssetLengthAndNameWhenOptionalValuesAreEmpty" fullname="Hidano.UnityTimelineBuilder.Editor.Tests.AudioTrackBuilderTests.FallsBackToAssetLengthAndNameWhenOptionalValuesAreEmpty" result="Passed" start-time="2026-08-21 13:41:28" end-time="2026-08-21 13:41:28" duration="0.003" />
                <test-case name="UsesRowValuesWhenProvided" fullname="Hidano.UnityTimelineBuilder.Editor.Tests.AudioTrackBuilderTests.UsesRowValuesWhenProvided" result="Passed" start-time="2026-08-21 13:41:28" end-time="2026-08-21 13:41:28" duration="0.001" />
              </test-suite>
              <test-suite type="Hidano.UnityTimelineBuilder.Editor.Tests.BuildModelTests" name="BuildModelTests" fullname="Hidano.UnityTimelineBuilder.Editor.Tests.BuildModelTests" result="Passed" start-time="2026-08-21 13:41:28" end-time="2026-08-21 13:41:28" duration="0.015" total="7" passed="7" failed="0" skipped="0" inconclusive="0">
                <test-case name="BuildRequestSupportsRequiredAndOptionalInputFields" fullname="Hidano.UnityTimelineBuilder.Editor.Tests.BuildModelTests.BuildRequestSupportsRequiredAndOptionalInputFields" result="Passed" start-time="2026-08-21 13:41:28" end-time="2026-08-21 13:41:28" duration="0.001" />
                <test-case name="BuildResultCopiesErrorsAndExposesOutputPaths" fullname="Hidano.UnityTimelineBuilder.Editor.Tests.BuildModelTests.BuildResultCopiesErrorsAndExposesOutputPaths" result="Passed" start-time="2026-08-21 13:41:28" end-time="2026-08-21 13:41:28" duration="0.001" />
                <test-case name="ClipRowRetainsTypedInputAsImmutableProperties" fullname="Hidano.UnityTimelineBuilder.Editor.Tests.BuildModelTests.ClipRowRetainsTypedInputAsImmutableProperties" result="Passed" start-time="2026-08-21 13:41:28" end-time="2026-08-21 13:41:28" duration="0.001" />
                <test-case name="ErrorCodeContainsEveryDefinedFailureCategory" fullname="Hidano.UnityTimelineBuilder.Editor.Tests.BuildModelTests.ErrorCodeContainsEveryDefinedFailureCategory" result="Passed" start-time="2026-08-21 13:41:28" end-time="2026-08-21 13:41:28" duration="0.001" />
                <test-case name="FiveArgumentBuildResultRetainsScenePathAndAllValues" fullname="Hidano.UnityTimelineBuilder.Editor.Tests.BuildModelTests.FiveArgumentBuildResultRetainsScenePathAndAllValues" result="Passed" start-time="2026-08-21 13:41:28" end-time="2026-08-21 13:41:28" duration="0.001" />
                <test-case name="SceneBuildPlanCopiesRowsAndPreservesTheirOrder" fullname="Hidano.UnityTimelineBuilder.Editor.Tests.BuildModelTests.SceneBuildPlanCopiesRowsAndPreservesTheirOrder" result="Passed" start-time="2026-08-21 13:41:28" end-time="2026-08-21 13:41:28" duration="0.001" />
                <test-case name="SceneRowsRetainTypedInputAsImmutableProperties" fullname="Hidano.UnityTimelineBuilder.Editor.Tests.BuildModelTests.SceneRowsRetainTypedInputAsImmutableProperties" result="Passed" start-time="2026-08-21 13:41:28" end-time="2026-08-21 13:41:28" duration="0.000" />
              </test-suite>
              <test-suite type="Hidano.UnityTimelineBuilder.Editor.Tests.BuildSheetParserTests" name="BuildSheetParserTests" fullname="Hidano.UnityTimelineBuilder.Editor.Tests.BuildSheetParserTests" result="Failed" start-time="2026-08-21 13:41:28" end-time="2026-08-21 13:41:28" duration="0.014" total="10" passed="9" failed="1" skipped="0" inconclusive="0">
                <test-case name="AllowsEmptyOptionalClipNameAndDuration" fullname="Hidano.UnityTimelineBuilder.Editor.Tests.BuildSheetParserTests.AllowsEmptyOptionalClipNameAndDuration" result="Passed" start-time="2026-08-21 13:41:28" end-time="2026-08-21 13:41:28" duration="0.003" />
                <test-case name="AllowsHeaderWithoutOptionalColumns" fullname="Hidano.UnityTimelineBuilder.Editor.Tests.BuildSheetParserTests.AllowsHeaderWithoutOptionalColumns" result="Passed" start-time="2026-08-21 13:41:28" end-time="2026-08-21 13:41:28" duration="0.000" />
                <test-case name="CollectsAllRowValidationErrorsWithOriginalLineNumbers" fullname="Hidano.UnityTimelineBuilder.Editor.Tests.BuildSheetParserTests.CollectsAllRowValidationErrorsWithOriginalLineNumbers" result="Passed" start-time="2026-08-21 13:41:28" end-time="2026-08-21 13:41:28" duration="0.002" />
                <test-case name="CollectsSceneValidationErrorsWithLineNumbers" fullname="Hidano.UnityTimelineBuilder.Editor.Tests.BuildSheetParserTests.CollectsSceneValidationErrorsWithLineNumbers" result="Failed" start-time="2026-08-21 13:41:28" end-time="2026-08-21 13:41:28" duration="0.003">
                  <failure>
                    <message>  Expected: property Count equal to 8
  But was:  4
</message>
                    <stack-trace>at Hidano.UnityTimelineBuilder.Editor.Tests.BuildSheetParserTests.CollectsSceneValidationErrorsWithLineNumbers () [0x001b3] in .\Packages\com.hidano.unity-timeline-builder\Tests\Editor\BuildSheetParserTests.cs:171
</stack-trace>
                  </failure>
                </test-case>
                <test-case name="ParsesHeaderWithShuffledColumnsCaseInsensitively" fullname="Hidano.UnityTimelineBuilder.Editor.Tests.BuildSheetParserTests.ParsesHeaderWithShuffledColumnsCaseInsensitively" result="Passed" start-time="2026-08-21 13:41:28" end-time="2026-08-21 13:41:28" duration="0.000" />
                <test-case name="RejectsExplicitNonPositiveDurationEvenThoughEmptyIsAllowed" fullname="Hidano.UnityTimelineBuilder.Editor.Tests.BuildSheetParserTests.RejectsExplicitNonPositiveDurationEvenThoughEmptyIsAllowed" result="Passed" start-time="2026-08-21 13:41:28" end-time="2026-08-21 13:41:28" duration="0.000" />
                <test-case name="ReportsMissingHeaderColumns" fullname="Hidano.UnityTimelineBuilder.Editor.Tests.BuildSheetParserTests.ReportsMissingHeaderColumns" result="Passed" start-time="2026-08-21 13:41:28" end-time="2026-08-21 13:41:28" duration="0.001" />
                <test-case name="ReportsMissingSceneBindValuesAndAllowsUnusedColumns" fullname="Hidano.UnityTimelineBuilder.Editor.Tests.BuildSheetParserTests.ReportsMissingSceneBindValuesAndAllowsUnusedColumns" result="Passed" start-time="2026-08-21 13:41:28" end-time="2026-08-21 13:41:28" duration="0.000" />
                <test-case name="StripsSurroundingQuotesFromResourcePath" fullname="Hidano.UnityTimelineBuilder.Editor.Tests.BuildSheetParserTests.StripsSurroundingQuotesFromResourcePath" result="Passed" start-time="2026-08-21 13:41:28" end-time="2026-08-21 13:41:28" duration="0.000" />
                <test-case name="UsesDefaultColumnOrderAndLogsWarningWhenHeaderIsAbsent" fullname="Hidano.UnityTimelineBuilder.Editor.Tests.BuildSheetParserTests.UsesDefaultColumnOrderAndLogsWarningWhenHeaderIsAbsent" result="Passed" start-time="2026-08-21 13:41:28" end-time="2026-08-21 13:41:28" duration="0.002" />
              </test-suite>
              <test-suite type="Hidano.UnityTimelineBuilder.Editor.Tests.BundledTemplateE2ETests" name="BundledTemplateE2ETests" fullname="Hidano.UnityTimelineBuilder.Editor.Tests.BundledTemplateE2ETests" result="Passed" start-time="2026-08-21 13:41:28" end-time="2026-08-21 13:41:28" duration="0.344" total="1" passed="1" failed="0" skipped="0" inconclusive="0">
                <test-case name="BuildsSuccessfullyFromBundledTemplateWithoutChangingItsInput" fullname="Hidano.UnityTimelineBuilder.Editor.Tests.BundledTemplateE2ETests.BuildsSuccessfullyFromBundledTemplateWithoutChangingItsInput" result="Passed" start-time="2026-08-21 13:41:28" end-time="2026-08-21 13:41:28" duration="0.343" />
              </test-suite>
              <test-suite type="Hidano.UnityTimelineBuilder.Editor.Tests.CsvSheetReaderTests" name="CsvSheetReaderTests" fullname="Hidano.UnityTimelineBuilder.Editor.Tests.CsvSheetReaderTests" result="Passed" start-time="2026-08-21 13:41:28" end-time="2026-08-21 13:41:28" duration="0.066" total="5" passed="5" failed="0" skipped="0" inconclusive="0">
                <test-case name="ReadAllRejectsUnclosedQuotedFieldWithPath" fullname="Hidano.UnityTimelineBuilder.Editor.Tests.CsvSheetReaderTests.ReadAllRejectsUnclosedQuotedFieldWithPath" result="Passed" start-time="2026-08-21 13:41:28" end-time="2026-08-21 13:41:28" duration="0.009" />
                <test-case name="ReadAllRejectsUnsupportedExtensionWithPath" fullname="Hidano.UnityTimelineBuilder.Editor.Tests.CsvSheetReaderTests.ReadAllRejectsUnsupportedExtensionWithPath" result="Passed" start-time="2026-08-21 13:41:28" end-time="2026-08-21 13:41:28" duration="0.001" />
                <test-case name="ReadAllReportsMissingFileWithPath" fullname="Hidano.UnityTimelineBuilder.Editor.Tests.CsvSheetReaderTests.ReadAllReportsMissingFileWithPath" result="Passed" start-time="2026-08-21 13:41:28" end-time="2026-08-21 13:41:28" duration="0.001" />
                <test-case name="ReadAllSupportsBomMixedNewlinesQuotedFieldsAndEscapedQuotes" fullname="Hidano.UnityTimelineBuilder.Editor.Tests.CsvSheetReaderTests.ReadAllSupportsBomMixedNewlinesQuotedFieldsAndEscapedQuotes" result="Passed" start-time="2026-08-21 13:41:28" end-time="2026-08-21 13:41:28" duration="0.008" />
                <test-case name="ReadAllUsesTabDelimiterForTsv" fullname="Hidano.UnityTimelineBuilder.Editor.Tests.CsvSheetReaderTests.ReadAllUsesTabDelimiterForTsv" result="Passed" start-time="2026-08-21 13:41:28" end-time="2026-08-21 13:41:28" duration="0.005" />
              </test-suite>
              <test-suite type="Hidano.UnityTimelineBuilder.Editor.Tests.ExternalAssetImporterTests" name="ExternalAssetImporterTests" fullname="Hidano.UnityTimelineBuilder.Editor.Tests.ExternalAssetImporterTests" result="Passed" start-time="2026-08-21 13:41:28" end-time="2026-08-21 13:41:29" duration="1.167" total="5" passed="5" failed="0" skipped="0" inconclusive="0">
                <test-case name="CopiesAbsoluteFileAndSynchronouslyImportsIt" fullname="Hidano.UnityTimelineBuilder.Editor.Tests.ExternalAssetImporterTests.CopiesAbsoluteFileAndSynchronouslyImportsIt" result="Passed" start-time="2026-08-21 13:41:28" end-time="2026-08-21 13:41:28" duration="0.232" />
                <test-case name="ImportsSameNamedFilesFromDifferentDirectoriesWithoutCollision" fullname="Hidano.UnityTimelineBuilder.Editor.Tests.ExternalAssetImporterTests.ImportsSameNamedFilesFromDifferentDirectoriesWithoutCollision" result="Passed" start-time="2026-08-21 13:41:28" end-time="2026-08-21 13:41:29" duration="0.370" />
                <test-case name="ImportsSameRelativePathFromDifferentSheetDirectoriesWithoutCollision" fullname="Hidano.UnityTimelineBuilder.Editor.Tests.ExternalAssetImporterTests.ImportsSameRelativePathFromDifferentSheetDirectoriesWithoutCollision" result="Passed" start-time="2026-08-21 13:41:29" end-time="2026-08-21 13:41:29" duration="0.321" />
                <test-case name="ResolvesRelativeFileFromSheetDirectoryAndOverwritesExistingCopy" fullname="Hidano.UnityTimelineBuilder.Editor.Tests.ExternalAssetImporterTests.ResolvesRelativeFileFromSheetDirectoryAndOverwritesExistingCopy" result="Passed" start-time="2026-08-21 13:41:29" end-time="2026-08-21 13:41:29" duration="0.233" />
                <test-case name="ReturnsImportErrorWhenSourceDoesNotExist" fullname="Hidano.UnityTimelineBuilder.Editor.Tests.ExternalAssetImporterTests.ReturnsImportErrorWhenSourceDoesNotExist" result="Passed" start-time="2026-08-21 13:41:29" end-time="2026-08-21 13:41:29" duration="0.004" />
              </test-suite>
              <test-suite type="Hidano.UnityTimelineBuilder.Editor.Tests.ExternalResourceIntegrationTests" name="ExternalResourceIntegrationTests" fullname="Hidano.UnityTimelineBuilder.Editor.Tests.ExternalResourceIntegrationTests" result="Passed" start-time="2026-08-21 13:41:29" end-time="2026-08-21 13:41:30" duration="0.621" total="2" passed="2" failed="0" skipped="0" inconclusive="0">
                <test-case name="BuildsTimelineFromExternalWavMp3AndNamedFbxClip" fullname="Hidano.UnityTimelineBuilder.Editor.Tests.ExternalResourceIntegrationTests.BuildsTimelineFromExternalWavMp3AndNamedFbxClip" result="Passed" start-time="2026-08-21 13:41:29" end-time="2026-08-21 13:41:30" duration="0.401" />
                <test-case name="ReportsLineNumberWhenExternalFbxClipNameDoesNotMatch" fullname="Hidano.UnityTimelineBuilder.Editor.Tests.ExternalResourceIntegrationTests.ReportsLineNumberWhenExternalFbxClipNameDoesNotMatch" result="Passed" start-time="2026-08-21 13:41:30" end-time="2026-08-21 13:41:30" duration="0.188" />
              </test-suite>
              <test-suite type="Hidano.UnityTimelineBuilder.Editor.Tests.PrefabBuilderIntegrationTests" name="PrefabBuilderIntegrationTests" fullname="Hidano.UnityTimelineBuilder.Editor.Tests.PrefabBuilderIntegrationTests" result="Passed" start-time="2026-08-21 13:41:30" end-time="2026-08-21 13:41:30" duration="0.385" total="1" passed="1" failed="0" skipped="0" inconclusive="0">
                <test-case name="BuildsPrefabWithDirectorAndPreservesAssetsAcrossIdempotentOverwrite" fullname="Hidano.UnityTimelineBuilder.Editor.Tests.PrefabBuilderIntegrationTests.BuildsPrefabWithDirectorAndPreservesAssetsAcrossIdempotentOverwrite" result="Passed" start-time="2026-08-21 13:41:30" end-time="2026-08-21 13:41:30" duration="0.341" />
              </test-suite>
              <test-suite type="Hidano.UnityTimelineBuilder.Editor.Tests.ResourceResolverRegistryTests" name="ResourceResolverRegistryTests" fullname="Hidano.UnityTimelineBuilder.Editor.Tests.ResourceResolverRegistryTests" result="Passed" start-time="2026-08-21 13:41:30" end-time="2026-08-21 13:41:30" duration="0.031" total="5" passed="5" failed="0" skipped="0" inconclusive="0">
                <test-case name="RegisterAndTryGetFindsResolverByKindIgnoringCaseAndWhitespace" fullname="Hidano.UnityTimelineBuilder.Editor.Tests.ResourceResolverRegistryTests.RegisterAndTryGetFindsResolverByKindIgnoringCaseAndWhitespace" result="Passed" start-time="2026-08-21 13:41:30" end-time="2026-08-21 13:41:30" duration="0.000" />
                <test-case name="RegisterRejectsNullAndEmptyKinds" fullname="Hidano.UnityTimelineBuilder.Editor.Tests.ResourceResolverRegistryTests.RegisterRejectsNullAndEmptyKinds" result="Passed" start-time="2026-08-21 13:41:30" end-time="2026-08-21 13:41:30" duration="0.000" />
                <test-case name="RegisterReplacesResolverForExistingKind" fullname="Hidano.UnityTimelineBuilder.Editor.Tests.ResourceResolverRegistryTests.RegisterReplacesResolverForExistingKind" result="Passed" start-time="2026-08-21 13:41:30" end-time="2026-08-21 13:41:30" duration="0.000" />
                <test-case name="ResetForTestClearsRegisteredResolvers" fullname="Hidano.UnityTimelineBuilder.Editor.Tests.ResourceResolverRegistryTests.ResetForTestClearsRegisteredResolvers" result="Passed" start-time="2026-08-21 13:41:30" end-time="2026-08-21 13:41:30" duration="0.000" />
                <test-case name="TryGetReturnsFalseForMissingOrEmptyKinds" fullname="Hidano.UnityTimelineBuilder.Editor.Tests.ResourceResolverRegistryTests.TryGetReturnsFalseForMissingOrEmptyKinds" result="Passed" start-time="2026-08-21 13:41:30" end-time="2026-08-21 13:41:30" duration="0.000" />
              </test-suite>
              <test-suite type="Hidano.UnityTimelineBuilder.Editor.Tests.TimelineAssetFactoryTests" name="TimelineAssetFactoryTests" fullname="Hidano.UnityTimelineBuilder.Editor.Tests.TimelineAssetFactoryTests" result="Passed" start-time="2026-08-21 13:41:30" end-time="2026-08-21 13:41:30" duration="0.153" total="2" passed="2" failed="0" skipped="0" inconclusive="0">
                <test-case name="GroupsRowsByTrackTypeAndExactTrackName" fullname="Hidano.UnityTimelineBuilder.Editor.Tests.TimelineAssetFactoryTests.GroupsRowsByTrackTypeAndExactTrackName" result="Passed" start-time="2026-08-21 13:41:30" end-time="2026-08-21 13:41:30" duration="0.063" />
                <test-case name="OverwritesExistingAssetInPlaceAndPreservesGuid" fullname="Hidano.UnityTimelineBuilder.Editor.Tests.TimelineAssetFactoryTests.OverwritesExistingAssetInPlaceAndPreservesGuid" result="Passed" start-time="2026-08-21 13:41:30" end-time="2026-08-21 13:41:30" duration="0.085" />
              </test-suite>
              <test-suite type="Hidano.UnityTimelineBuilder.Editor.Tests.TimelineBuilderCliTests" name="TimelineBuilderCliTests" fullname="Hidano.UnityTimelineBuilder.Editor.Tests.TimelineBuilderCliTests" result="Passed" start-time="2026-08-21 13:41:30" end-time="2026-08-21 13:41:30" duration="0.029" total="3" passed="3" failed="0" skipped="0" inconclusive="0">
                <test-case name="RunReturnsArgumentFailureWhenOutputDirectoryIsOutsideAssets" fullname="Hidano.UnityTimelineBuilder.Editor.Tests.TimelineBuilderCliTests.RunReturnsArgumentFailureWhenOutputDirectoryIsOutsideAssets" result="Passed" start-time="2026-08-21 13:41:30" end-time="2026-08-21 13:41:30" duration="0.002" />
                <test-case name="RunReturnsArgumentFailureWhenRequiredOptionsAreMissing" fullname="Hidano.UnityTimelineBuilder.Editor.Tests.TimelineBuilderCliTests.RunReturnsArgumentFailureWhenRequiredOptionsAreMissing" result="Passed" start-time="2026-08-21 13:41:30" end-time="2026-08-21 13:41:30" duration="0.001" />
                <test-case name="RunReturnsBuildFailureWhenSheetDoesNotExist" fullname="Hidano.UnityTimelineBuilder.Editor.Tests.TimelineBuilderCliTests.RunReturnsBuildFailureWhenSheetDoesNotExist" result="Passed" start-time="2026-08-21 13:41:30" end-time="2026-08-21 13:41:30" duration="0.002" />
              </test-suite>
              <test-suite type="Hidano.UnityTimelineBuilder.Editor.Tests.TimelineBuilderIntegrationTests" name="TimelineBuilderIntegrationTests" fullname="Hidano.UnityTimelineBuilder.Editor.Tests.TimelineBuilderIntegrationTests" result="Passed" start-time="2026-08-21 13:41:30" end-time="2026-08-21 13:41:31" duration="0.604" total="2" passed="2" failed="0" skipped="0" inconclusive="0">
                <test-case name="BuildsTimelineFromFixtureAndPreservesConfiguredClips" fullname="Hidano.UnityTimelineBuilder.Editor.Tests.TimelineBuilderIntegrationTests.BuildsTimelineFromFixtureAndPreservesConfiguredClips" result="Passed" start-time="2026-08-21 13:41:30" end-time="2026-08-21 13:41:31" duration="0.304" />
                <test-case name="CreatesMissingOutputDirectoryAutomatically" fullname="Hidano.UnityTimelineBuilder.Editor.Tests.TimelineBuilderIntegrationTests.CreatesMissingOutputDirectoryAutomatically" result="Passed" start-time="2026-08-21 13:41:31" end-time="2026-08-21 13:41:31" duration="0.295" />
              </test-suite>
              <test-suite type="Hidano.UnityTimelineBuilder.Editor.Tests.TrackBuilderRegistryTests" name="TrackBuilderRegistryTests" fullname="Hidano.UnityTimelineBuilder.Editor.Tests.TrackBuilderRegistryTests" result="Passed" start-time="2026-08-21 13:41:31" end-time="2026-08-21 13:41:31" duration="0.027" total="6" passed="6" failed="0" skipped="0" inconclusive="0">
                <test-case name="BuiltInTrackTypesAreKnownCaseInsensitively" fullname="Hidano.UnityTimelineBuilder.Editor.Tests.TrackBuilderRegistryTests.BuiltInTrackTypesAreKnownCaseInsensitively" result="Passed" start-time="2026-08-21 13:41:31" end-time="2026-08-21 13:41:31" duration="0.000" />
                <test-case name="RegisterAndTryGetFindsBuilderByTrimmedCaseInsensitiveKey" fullname="Hidano.UnityTimelineBuilder.Editor.Tests.TrackBuilderRegistryTests.RegisterAndTryGetFindsBuilderByTrimmedCaseInsensitiveKey" result="Passed" start-time="2026-08-21 13:41:31" end-time="2026-08-21 13:41:31" duration="0.000" />
                <test-case name="RegisterRejectsNullAndEmptyKeys" fullname="Hidano.UnityTimelineBuilder.Editor.Tests.TrackBuilderRegistryTests.RegisterRejectsNullAndEmptyKeys" result="Passed" start-time="2026-08-21 13:41:31" end-time="2026-08-21 13:41:31" duration="0.000" />
                <test-case name="RegisterReplacesBuilderForExistingKey" fullname="Hidano.UnityTimelineBuilder.Editor.Tests.TrackBuilderRegistryTests.RegisterReplacesBuilderForExistingKey" result="Passed" start-time="2026-08-21 13:41:31" end-time="2026-08-21 13:41:31" duration="0.000" />
                <test-case name="ResetForTestRestoresBuiltInsAndRemovesCustomBuilders" fullname="Hidano.UnityTimelineBuilder.Editor.Tests.TrackBuilderRegistryTests.ResetForTestRestoresBuiltInsAndRemovesCustomBuilders" result="Passed" start-time="2026-08-21 13:41:31" end-time="2026-08-21 13:41:31" duration="0.000" />
                <test-case name="TryGetReturnsFalseForMissingOrEmptyKeys" fullname="Hidano.UnityTimelineBuilder.Editor.Tests.TrackBuilderRegistryTests.TryGetReturnsFalseForMissingOrEmptyKeys" result="Passed" start-time="2026-08-21 13:41:31" end-time="2026-08-21 13:41:31" duration="0.000" />
              </test-suite>
            </test-suite>
          </test-suite>
        </test-suite>
      </test-suite>
    </test-suite>
  </test-suite>
</test-run>