<?xml version="1.0" encoding="utf-8"?>
<test-run id="2" testcasecount="62" result="Failed" total="62" passed="58" failed="4" skipped="0" inconclusive="0" start-time="2026-08-21 13:48:50" end-time="2026-08-21 13:48:53" duration="3.501">
  <test-suite type="TestSuite" name="UnityTimelineBuilder" fullname="UnityTimelineBuilder" result="Failed" start-time="2026-08-21 13:48:50" end-time="2026-08-21 13:48:53" duration="3.501" total="62" passed="58" failed="4" skipped="0" inconclusive="0">
    <test-suite type="TestSuite" name="Hidano.UnityTimelineBuilder.Editor.Tests.dll" fullname="D:/Personal/Repositries/unity-timeline-builder/UnityTimelineBuilder/Library/ScriptAssemblies/Hidano.UnityTimelineBuilder.Editor.Tests.dll" result="Failed" start-time="2026-08-21 13:48:50" end-time="2026-08-21 13:48:53" duration="3.495" total="62" passed="58" failed="4" skipped="0" inconclusive="0">
      <test-suite type="TestSuite" name="Hidano" fullname="Hidano" result="Failed" start-time="2026-08-21 13:48:50" end-time="2026-08-21 13:48:53" duration="3.494" total="62" passed="58" failed="4" skipped="0" inconclusive="0">
        <test-suite type="TestSuite" name="UnityTimelineBuilder" fullname="Hidano.UnityTimelineBuilder" result="Failed" start-time="2026-08-21 13:48:50" end-time="2026-08-21 13:48:53" duration="3.494" total="62" passed="58" failed="4" skipped="0" inconclusive="0">
          <test-suite type="TestSuite" name="Editor" fullname="Hidano.UnityTimelineBuilder.Editor" result="Failed" start-time="2026-08-21 13:48:50" end-time="2026-08-21 13:48:53" duration="3.494" total="62" passed="58" failed="4" skipped="0" inconclusive="0">
            <test-suite type="TestSuite" name="Tests" fullname="Hidano.UnityTimelineBuilder.Editor.Tests" result="Failed" start-time="2026-08-21 13:48:50" end-time="2026-08-21 13:48:53" duration="3.494" total="62" passed="58" failed="4" skipped="0" inconclusive="0">
              <test-suite type="Hidano.UnityTimelineBuilder.Editor.Tests.AnimationTrackBuilderTests" name="AnimationTrackBuilderTests" fullname="Hidano.UnityTimelineBuilder.Editor.Tests.AnimationTrackBuilderTests" result="Passed" start-time="2026-08-21 13:48:50" end-time="2026-08-21 13:48:50" duration="0.032" total="3" passed="3" failed="0" skipped="0" inconclusive="0">
                <test-case name="AddsAnimationClipWithRowValuesAndResolvedAsset" fullname="Hidano.UnityTimelineBuilder.Editor.Tests.AnimationTrackBuilderTests.AddsAnimationClipWithRowValuesAndResolvedAsset" result="Passed" start-time="2026-08-21 13:48:50" end-time="2026-08-21 13:48:50" duration="0.020" />
                <test-case name="CreatesAnimationTrackWithRequestedName" fullname="Hidano.UnityTimelineBuilder.Editor.Tests.AnimationTrackBuilderTests.CreatesAnimationTrackWithRequestedName" result="Passed" start-time="2026-08-21 13:48:50" end-time="2026-08-21 13:48:50" duration="0.003" />
                <test-case name="FallsBackToAssetLengthAndNameWhenOptionalValuesAreEmpty" fullname="Hidano.UnityTimelineBuilder.Editor.Tests.AnimationTrackBuilderTests.FallsBackToAssetLengthAndNameWhenOptionalValuesAreEmpty" result="Passed" start-time="2026-08-21 13:48:50" end-time="2026-08-21 13:48:50" duration="0.001" />
              </test-suite>
              <test-suite type="Hidano.UnityTimelineBuilder.Editor.Tests.AudioTrackBuilderTests" name="AudioTrackBuilderTests" fullname="Hidano.UnityTimelineBuilder.Editor.Tests.AudioTrackBuilderTests" result="Passed" start-time="2026-08-21 13:48:50" end-time="2026-08-21 13:48:50" duration="0.012" total="2" passed="2" failed="0" skipped="0" inconclusive="0">
                <test-case name="FallsBackToAssetLengthAndNameWhenOptionalValuesAreEmpty" fullname="Hidano.UnityTimelineBuilder.Editor.Tests.AudioTrackBuilderTests.FallsBackToAssetLengthAndNameWhenOptionalValuesAreEmpty" result="Passed" start-time="2026-08-21 13:48:50" end-time="2026-08-21 13:48:50" duration="0.003" />
                <test-case name="UsesRowValuesWhenProvided" fullname="Hidano.UnityTimelineBuilder.Editor.Tests.AudioTrackBuilderTests.UsesRowValuesWhenProvided" result="Passed" start-time="2026-08-21 13:48:50" end-time="2026-08-21 13:48:50" duration="0.001" />
              </test-suite>
              <test-suite type="Hidano.UnityTimelineBuilder.Editor.Tests.BuildModelTests" name="BuildModelTests" fullname="Hidano.UnityTimelineBuilder.Editor.Tests.BuildModelTests" result="Passed" start-time="2026-08-21 13:48:50" end-time="2026-08-21 13:48:50" duration="0.015" total="7" passed="7" failed="0" skipped="0" inconclusive="0">
                <test-case name="BuildRequestSupportsRequiredAndOptionalInputFields" fullname="Hidano.UnityTimelineBuilder.Editor.Tests.BuildModelTests.BuildRequestSupportsRequiredAndOptionalInputFields" result="Passed" start-time="2026-08-21 13:48:50" end-time="2026-08-21 13:48:50" duration="0.000" />
                <test-case name="BuildResultCopiesErrorsAndExposesOutputPaths" fullname="Hidano.UnityTimelineBuilder.Editor.Tests.BuildModelTests.BuildResultCopiesErrorsAndExposesOutputPaths" result="Passed" start-time="2026-08-21 13:48:50" end-time="2026-08-21 13:48:50" duration="0.001" />
                <test-case name="ClipRowRetainsTypedInputAsImmutableProperties" fullname="Hidano.UnityTimelineBuilder.Editor.Tests.BuildModelTests.ClipRowRetainsTypedInputAsImmutableProperties" result="Passed" start-time="2026-08-21 13:48:50" end-time="2026-08-21 13:48:50" duration="0.000" />
                <test-case name="ErrorCodeContainsEveryDefinedFailureCategory" fullname="Hidano.UnityTimelineBuilder.Editor.Tests.BuildModelTests.ErrorCodeContainsEveryDefinedFailureCategory" result="Passed" start-time="2026-08-21 13:48:50" end-time="2026-08-21 13:48:50" duration="0.000" />
                <test-case name="FiveArgumentBuildResultRetainsScenePathAndAllValues" fullname="Hidano.UnityTimelineBuilder.Editor.Tests.BuildModelTests.FiveArgumentBuildResultRetainsScenePathAndAllValues" result="Passed" start-time="2026-08-21 13:48:50" end-time="2026-08-21 13:48:50" duration="0.001" />
                <test-case name="SceneBuildPlanCopiesRowsAndPreservesTheirOrder" fullname="Hidano.UnityTimelineBuilder.Editor.Tests.BuildModelTests.SceneBuildPlanCopiesRowsAndPreservesTheirOrder" result="Passed" start-time="2026-08-21 13:48:50" end-time="2026-08-21 13:48:50" duration="0.001" />
                <test-case name="SceneRowsRetainTypedInputAsImmutableProperties" fullname="Hidano.UnityTimelineBuilder.Editor.Tests.BuildModelTests.SceneRowsRetainTypedInputAsImmutableProperties" result="Passed" start-time="2026-08-21 13:48:50" end-time="2026-08-21 13:48:50" duration="0.000" />
              </test-suite>
              <test-suite type="Hidano.UnityTimelineBuilder.Editor.Tests.BuildSheetParserTests" name="BuildSheetParserTests" fullname="Hidano.UnityTimelineBuilder.Editor.Tests.BuildSheetParserTests" result="Passed" start-time="2026-08-21 13:48:50" end-time="2026-08-21 13:48:50" duration="0.015" total="14" passed="14" failed="0" skipped="0" inconclusive="0">
                <test-case name="AggregatesSceneRowsWithoutMixingThemIntoClipRowsWithHeader" fullname="Hidano.UnityTimelineBuilder.Editor.Tests.BuildSheetParserTests.AggregatesSceneRowsWithoutMixingThemIntoClipRowsWithHeader" result="Passed" start-time="2026-08-21 13:48:50" end-time="2026-08-21 13:48:50" duration="0.004" />
                <test-case name="AggregatesSceneRowsWithoutMixingThemIntoClipRowsWithHeaderlessSevenColumns" fullname="Hidano.UnityTimelineBuilder.Editor.Tests.BuildSheetParserTests.AggregatesSceneRowsWithoutMixingThemIntoClipRowsWithHeaderlessSevenColumns" result="Passed" start-time="2026-08-21 13:48:50" end-time="2026-08-21 13:48:50" duration="0.002" />
                <test-case name="AllowsEmptyOptionalClipNameAndDuration" fullname="Hidano.UnityTimelineBuilder.Editor.Tests.BuildSheetParserTests.AllowsEmptyOptionalClipNameAndDuration" result="Passed" start-time="2026-08-21 13:48:50" end-time="2026-08-21 13:48:50" duration="0.000" />
                <test-case name="AllowsHeaderWithoutOptionalColumns" fullname="Hidano.UnityTimelineBuilder.Editor.Tests.BuildSheetParserTests.AllowsHeaderWithoutOptionalColumns" result="Passed" start-time="2026-08-21 13:48:50" end-time="2026-08-21 13:48:50" duration="0.000" />
                <test-case name="CollectsAllRowValidationErrorsWithOriginalLineNumbers" fullname="Hidano.UnityTimelineBuilder.Editor.Tests.BuildSheetParserTests.CollectsAllRowValidationErrorsWithOriginalLineNumbers" result="Passed" start-time="2026-08-21 13:48:50" end-time="2026-08-21 13:48:50" duration="0.002" />
                <test-case name="CollectsSceneValidationErrorsWithLineNumbers" fullname="Hidano.UnityTimelineBuilder.Editor.Tests.BuildSheetParserTests.CollectsSceneValidationErrorsWithLineNumbers" result="Passed" start-time="2026-08-21 13:48:50" end-time="2026-08-21 13:48:50" duration="0.001" />
                <test-case name="KeepsScenePlanNullAndClipParsingUnchangedForLegacyInput" fullname="Hidano.UnityTimelineBuilder.Editor.Tests.BuildSheetParserTests.KeepsScenePlanNullAndClipParsingUnchangedForLegacyInput" result="Passed" start-time="2026-08-21 13:48:50" end-time="2026-08-21 13:48:50" duration="0.000" />
                <test-case name="ParsesHeaderWithShuffledColumnsCaseInsensitively" fullname="Hidano.UnityTimelineBuilder.Editor.Tests.BuildSheetParserTests.ParsesHeaderWithShuffledColumnsCaseInsensitively" result="Passed" start-time="2026-08-21 13:48:50" end-time="2026-08-21 13:48:50" duration="0.000" />
                <test-case name="RejectsExplicitNonPositiveDurationEvenThoughEmptyIsAllowed" fullname="Hidano.UnityTimelineBuilder.Editor.Tests.BuildSheetParserTests.RejectsExplicitNonPositiveDurationEvenThoughEmptyIsAllowed" result="Passed" start-time="2026-08-21 13:48:50" end-time="2026-08-21 13:48:50" duration="0.000" />
                <test-case name="ReportsAllSceneValidationErrorsWithSourceLineNumbers" fullname="Hidano.UnityTimelineBuilder.Editor.Tests.BuildSheetParserTests.ReportsAllSceneValidationErrorsWithSourceLineNumbers" result="Passed" start-time="2026-08-21 13:48:50" end-time="2026-08-21 13:48:50" duration="0.001" />
                <test-case name="ReportsMissingHeaderColumns" fullname="Hidano.UnityTimelineBuilder.Editor.Tests.BuildSheetParserTests.ReportsMissingHeaderColumns" result="Passed" start-time="2026-08-21 13:48:50" end-time="2026-08-21 13:48:50" duration="0.000" />
                <test-case name="ReportsMissingSceneBindValuesAndAllowsUnusedColumns" fullname="Hidano.UnityTimelineBuilder.Editor.Tests.BuildSheetParserTests.ReportsMissingSceneBindValuesAndAllowsUnusedColumns" result="Passed" start-time="2026-08-21 13:48:50" end-time="2026-08-21 13:48:50" duration="0.000" />
                <test-case name="StripsSurroundingQuotesFromResourcePath" fullname="Hidano.UnityTimelineBuilder.Editor.Tests.BuildSheetParserTests.StripsSurroundingQuotesFromResourcePath" result="Passed" start-time="2026-08-21 13:48:50" end-time="2026-08-21 13:48:50" duration="0.000" />
                <test-case name="UsesDefaultColumnOrderAndLogsWarningWhenHeaderIsAbsent" fullname="Hidano.UnityTimelineBuilder.Editor.Tests.BuildSheetParserTests.UsesDefaultColumnOrderAndLogsWarningWhenHeaderIsAbsent" result="Passed" start-time="2026-08-21 13:48:50" end-time="2026-08-21 13:48:50" duration="0.001" />
              </test-suite>
              <test-suite type="Hidano.UnityTimelineBuilder.Editor.Tests.BundledTemplateE2ETests" name="BundledTemplateE2ETests" fullname="Hidano.UnityTimelineBuilder.Editor.Tests.BundledTemplateE2ETests" result="Passed" start-time="2026-08-21 13:48:50" end-time="2026-08-21 13:48:50" duration="0.329" total="1" passed="1" failed="0" skipped="0" inconclusive="0">
                <test-case name="BuildsSuccessfullyFromBundledTemplateWithoutChangingItsInput" fullname="Hidano.UnityTimelineBuilder.Editor.Tests.BundledTemplateE2ETests.BuildsSuccessfullyFromBundledTemplateWithoutChangingItsInput" result="Passed" start-time="2026-08-21 13:48:50" end-time="2026-08-21 13:48:50" duration="0.327" />
              </test-suite>
              <test-suite type="Hidano.UnityTimelineBuilder.Editor.Tests.CsvSheetReaderTests" name="CsvSheetReaderTests" fullname="Hidano.UnityTimelineBuilder.Editor.Tests.CsvSheetReaderTests" result="Passed" start-time="2026-08-21 13:48:50" end-time="2026-08-21 13:48:50" duration="0.040" total="5" passed="5" failed="0" skipped="0" inconclusive="0">
                <test-case name="ReadAllRejectsUnclosedQuotedFieldWithPath" fullname="Hidano.UnityTimelineBuilder.Editor.Tests.CsvSheetReaderTests.ReadAllRejectsUnclosedQuotedFieldWithPath" result="Passed" start-time="2026-08-21 13:48:50" end-time="2026-08-21 13:48:50" duration="0.004" />
                <test-case name="ReadAllRejectsUnsupportedExtensionWithPath" fullname="Hidano.UnityTimelineBuilder.Editor.Tests.CsvSheetReaderTests.ReadAllRejectsUnsupportedExtensionWithPath" result="Passed" start-time="2026-08-21 13:48:50" end-time="2026-08-21 13:48:50" duration="0.001" />
                <test-case name="ReadAllReportsMissingFileWithPath" fullname="Hidano.UnityTimelineBuilder.Editor.Tests.CsvSheetReaderTests.ReadAllReportsMissingFileWithPath" result="Passed" start-time="2026-08-21 13:48:50" end-time="2026-08-21 13:48:50" duration="0.001" />
                <test-case name="ReadAllSupportsBomMixedNewlinesQuotedFieldsAndEscapedQuotes" fullname="Hidano.UnityTimelineBuilder.Editor.Tests.CsvSheetReaderTests.ReadAllSupportsBomMixedNewlinesQuotedFieldsAndEscapedQuotes" result="Passed" start-time="2026-08-21 13:48:50" end-time="2026-08-21 13:48:50" duration="0.002" />
                <test-case name="ReadAllUsesTabDelimiterForTsv" fullname="Hidano.UnityTimelineBuilder.Editor.Tests.CsvSheetReaderTests.ReadAllUsesTabDelimiterForTsv" result="Passed" start-time="2026-08-21 13:48:50" end-time="2026-08-21 13:48:50" duration="0.002" />
              </test-suite>
              <test-suite type="Hidano.UnityTimelineBuilder.Editor.Tests.ExternalAssetImporterTests" name="ExternalAssetImporterTests" fullname="Hidano.UnityTimelineBuilder.Editor.Tests.ExternalAssetImporterTests" result="Passed" start-time="2026-08-21 13:48:50" end-time="2026-08-21 13:48:51" duration="1.233" total="5" passed="5" failed="0" skipped="0" inconclusive="0">
                <test-case name="CopiesAbsoluteFileAndSynchronouslyImportsIt" fullname="Hidano.UnityTimelineBuilder.Editor.Tests.ExternalAssetImporterTests.CopiesAbsoluteFileAndSynchronouslyImportsIt" result="Passed" start-time="2026-08-21 13:48:50" end-time="2026-08-21 13:48:50" duration="0.289" />
                <test-case name="ImportsSameNamedFilesFromDifferentDirectoriesWithoutCollision" fullname="Hidano.UnityTimelineBuilder.Editor.Tests.ExternalAssetImporterTests.ImportsSameNamedFilesFromDifferentDirectoriesWithoutCollision" result="Passed" start-time="2026-08-21 13:48:50" end-time="2026-08-21 13:48:51" duration="0.332" />
                <test-case name="ImportsSameRelativePathFromDifferentSheetDirectoriesWithoutCollision" fullname="Hidano.UnityTimelineBuilder.Editor.Tests.ExternalAssetImporterTests.ImportsSameRelativePathFromDifferentSheetDirectoriesWithoutCollision" result="Passed" start-time="2026-08-21 13:48:51" end-time="2026-08-21 13:48:51" duration="0.335" />
                <test-case name="ResolvesRelativeFileFromSheetDirectoryAndOverwritesExistingCopy" fullname="Hidano.UnityTimelineBuilder.Editor.Tests.ExternalAssetImporterTests.ResolvesRelativeFileFromSheetDirectoryAndOverwritesExistingCopy" result="Passed" start-time="2026-08-21 13:48:51" end-time="2026-08-21 13:48:51" duration="0.266" />
                <test-case name="ReturnsImportErrorWhenSourceDoesNotExist" fullname="Hidano.UnityTimelineBuilder.Editor.Tests.ExternalAssetImporterTests.ReturnsImportErrorWhenSourceDoesNotExist" result="Passed" start-time="2026-08-21 13:48:51" end-time="2026-08-21 13:48:51" duration="0.004" />
              </test-suite>
              <test-suite type="Hidano.UnityTimelineBuilder.Editor.Tests.ExternalResourceIntegrationTests" name="ExternalResourceIntegrationTests" fullname="Hidano.UnityTimelineBuilder.Editor.Tests.ExternalResourceIntegrationTests" result="Passed" start-time="2026-08-21 13:48:51" end-time="2026-08-21 13:48:52" duration="0.592" total="2" passed="2" failed="0" skipped="0" inconclusive="0">
                <test-case name="BuildsTimelineFromExternalWavMp3AndNamedFbxClip" fullname="Hidano.UnityTimelineBuilder.Editor.Tests.ExternalResourceIntegrationTests.BuildsTimelineFromExternalWavMp3AndNamedFbxClip" result="Passed" start-time="2026-08-21 13:48:51" end-time="2026-08-21 13:48:52" duration="0.379" />
                <test-case name="ReportsLineNumberWhenExternalFbxClipNameDoesNotMatch" fullname="Hidano.UnityTimelineBuilder.Editor.Tests.ExternalResourceIntegrationTests.ReportsLineNumberWhenExternalFbxClipNameDoesNotMatch" result="Passed" start-time="2026-08-21 13:48:52" end-time="2026-08-21 13:48:52" duration="0.176" />
              </test-suite>
              <test-suite type="Hidano.UnityTimelineBuilder.Editor.Tests.PrefabBuilderIntegrationTests" name="PrefabBuilderIntegrationTests" fullname="Hidano.UnityTimelineBuilder.Editor.Tests.PrefabBuilderIntegrationTests" result="Passed" start-time="2026-08-21 13:48:52" end-time="2026-08-21 13:48:52" duration="0.345" total="1" passed="1" failed="0" skipped="0" inconclusive="0">
                <test-case name="BuildsPrefabWithDirectorAndPreservesAssetsAcrossIdempotentOverwrite" fullname="Hidano.UnityTimelineBuilder.Editor.Tests.PrefabBuilderIntegrationTests.BuildsPrefabWithDirectorAndPreservesAssetsAcrossIdempotentOverwrite" result="Passed" start-time="2026-08-21 13:48:52" end-time="2026-08-21 13:48:52" duration="0.318" />
              </test-suite>
              <test-suite type="Hidano.UnityTimelineBuilder.Editor.Tests.ResourceResolverRegistryTests" name="ResourceResolverRegistryTests" fullname="Hidano.UnityTimelineBuilder.Editor.Tests.ResourceResolverRegistryTests" result="Passed" start-time="2026-08-21 13:48:52" end-time="2026-08-21 13:48:52" duration="0.028" total="5" passed="5" failed="0" skipped="0" inconclusive="0">
                <test-case name="RegisterAndTryGetFindsResolverByKindIgnoringCaseAndWhitespace" fullname="Hidano.UnityTimelineBuilder.Editor.Tests.ResourceResolverRegistryTests.RegisterAndTryGetFindsResolverByKindIgnoringCaseAndWhitespace" result="Passed" start-time="2026-08-21 13:48:52" end-time="2026-08-21 13:48:52" duration="0.000" />
                <test-case name="RegisterRejectsNullAndEmptyKinds" fullname="Hidano.UnityTimelineBuilder.Editor.Tests.ResourceResolverRegistryTests.RegisterRejectsNullAndEmptyKinds" result="Passed" start-time="2026-08-21 13:48:52" end-time="2026-08-21 13:48:52" duration="0.000" />
                <test-case name="RegisterReplacesResolverForExistingKind" fullname="Hidano.UnityTimelineBuilder.Editor.Tests.ResourceResolverRegistryTests.RegisterReplacesResolverForExistingKind" result="Passed" start-time="2026-08-21 13:48:52" end-time="2026-08-21 13:48:52" duration="0.000" />
                <test-case name="ResetForTestClearsRegisteredResolvers" fullname="Hidano.UnityTimelineBuilder.Editor.Tests.ResourceResolverRegistryTests.ResetForTestClearsRegisteredResolvers" result="Passed" start-time="2026-08-21 13:48:52" end-time="2026-08-21 13:48:52" duration="0.000" />
                <test-case name="TryGetReturnsFalseForMissingOrEmptyKinds" fullname="Hidano.UnityTimelineBuilder.Editor.Tests.ResourceResolverRegistryTests.TryGetReturnsFalseForMissingOrEmptyKinds" result="Passed" start-time="2026-08-21 13:48:52" end-time="2026-08-21 13:48:52" duration="0.000" />
              </test-suite>
              <test-suite type="Hidano.UnityTimelineBuilder.Editor.Tests.TimelineAssetFactoryTests" name="TimelineAssetFactoryTests" fullname="Hidano.UnityTimelineBuilder.Editor.Tests.TimelineAssetFactoryTests" result="Passed" start-time="2026-08-21 13:48:52" end-time="2026-08-21 13:48:52" duration="0.148" total="2" passed="2" failed="0" skipped="0" inconclusive="0">
                <test-case name="GroupsRowsByTrackTypeAndExactTrackName" fullname="Hidano.UnityTimelineBuilder.Editor.Tests.TimelineAssetFactoryTests.GroupsRowsByTrackTypeAndExactTrackName" result="Passed" start-time="2026-08-21 13:48:52" end-time="2026-08-21 13:48:52" duration="0.063" />
                <test-case name="OverwritesExistingAssetInPlaceAndPreservesGuid" fullname="Hidano.UnityTimelineBuilder.Editor.Tests.TimelineAssetFactoryTests.OverwritesExistingAssetInPlaceAndPreservesGuid" result="Passed" start-time="2026-08-21 13:48:52" end-time="2026-08-21 13:48:52" duration="0.080" />
              </test-suite>
              <test-suite type="Hidano.UnityTimelineBuilder.Editor.Tests.TimelineBuilderCliTests" name="TimelineBuilderCliTests" fullname="Hidano.UnityTimelineBuilder.Editor.Tests.TimelineBuilderCliTests" result="Passed" start-time="2026-08-21 13:48:52" end-time="2026-08-21 13:48:52" duration="0.029" total="3" passed="3" failed="0" skipped="0" inconclusive="0">
                <test-case name="RunReturnsArgumentFailureWhenOutputDirectoryIsOutsideAssets" fullname="Hidano.UnityTimelineBuilder.Editor.Tests.TimelineBuilderCliTests.RunReturnsArgumentFailureWhenOutputDirectoryIsOutsideAssets" result="Passed" start-time="2026-08-21 13:48:52" end-time="2026-08-21 13:48:52" duration="0.002" />
                <test-case name="RunReturnsArgumentFailureWhenRequiredOptionsAreMissing" fullname="Hidano.UnityTimelineBuilder.Editor.Tests.TimelineBuilderCliTests.RunReturnsArgumentFailureWhenRequiredOptionsAreMissing" result="Passed" start-time="2026-08-21 13:48:52" end-time="2026-08-21 13:48:52" duration="0.001" />
                <test-case name="RunReturnsBuildFailureWhenSheetDoesNotExist" fullname="Hidano.UnityTimelineBuilder.Editor.Tests.TimelineBuilderCliTests.RunReturnsBuildFailureWhenSheetDoesNotExist" result="Passed" start-time="2026-08-21 13:48:52" end-time="2026-08-21 13:48:52" duration="0.002" />
              </test-suite>
              <test-suite type="Hidano.UnityTimelineBuilder.Editor.Tests.TimelineBuilderIntegrationTests" name="TimelineBuilderIntegrationTests" fullname="Hidano.UnityTimelineBuilder.Editor.Tests.TimelineBuilderIntegrationTests" result="Passed" start-time="2026-08-21 13:48:52" end-time="2026-08-21 13:48:53" duration="0.624" total="2" passed="2" failed="0" skipped="0" inconclusive="0">
                <test-case name="BuildsTimelineFromFixtureAndPreservesConfiguredClips" fullname="Hidano.UnityTimelineBuilder.Editor.Tests.TimelineBuilderIntegrationTests.BuildsTimelineFromFixtureAndPreservesConfiguredClips" result="Passed" start-time="2026-08-21 13:48:52" end-time="2026-08-21 13:48:53" duration="0.304" />
                <test-case name="CreatesMissingOutputDirectoryAutomatically" fullname="Hidano.UnityTimelineBuilder.Editor.Tests.TimelineBuilderIntegrationTests.CreatesMissingOutputDirectoryAutomatically" result="Passed" start-time="2026-08-21 13:48:53" end-time="2026-08-21 13:48:53" duration="0.314" />
              </test-suite>
              <test-suite type="Hidano.UnityTimelineBuilder.Editor.Tests.TrackBindingApplierTests" name="TrackBindingApplierTests" fullname="Hidano.UnityTimelineBuilder.Editor.Tests.TrackBindingApplierTests" result="Failed" start-time="2026-08-21 13:48:53" end-time="2026-08-21 13:48:53" duration="0.042" total="4" passed="0" failed="4" skipped="0" inconclusive="0">
                <test-case name="AppliesAnimatorByOrdinalNameIncludingInactiveObjects" fullname="Hidano.UnityTimelineBuilder.Editor.Tests.TrackBindingApplierTests.AppliesAnimatorByOrdinalNameIncludingInactiveObjects" result="Failed" start-time="2026-08-21 13:48:53" end-time="2026-08-21 13:48:53" duration="0.003">
                  <failure>
                    <message>SetUp : System.InvalidOperationException : This can only be used during play mode, please use EditorSceneManager.NewScene() instead.</message>
                    <stack-trace>--SetUp
  at (wrapper managed-to-native) UnityEngine.SceneManagement.SceneManager.CreateScene_Injected(UnityEngine.Bindings.ManagedSpanWrapper&amp;,UnityEngine.SceneManagement.CreateSceneParameters&amp;,UnityEngine.SceneManagement.Scene&amp;)
  at UnityEngine.SceneManagement.SceneManager.CreateScene (System.String sceneName, UnityEngine.SceneManagement.CreateSceneParameters parameters) [0x00039] in &lt;fde3c13fb32a45329a891b3df03f7908&gt;:0 
  at UnityEngine.SceneManagement.SceneManager.CreateScene (System.String sceneName) [0x00009] in &lt;fde3c13fb32a45329a891b3df03f7908&gt;:0 
  at Hidano.UnityTimelineBuilder.Editor.Tests.TrackBindingApplierTests.SetUp () [0x00001] in .\Packages\com.hidano.unity-timeline-builder\Tests\Editor\TrackBindingApplierTests.cs:20 
  at (wrapper managed-to-native) System.Reflection.RuntimeMethodInfo.InternalInvoke(System.Reflection.RuntimeMethodInfo,object,object[],System.Exception&amp;)
  at System.Reflection.RuntimeMethodInfo.Invoke (System.Object obj, System.Reflection.BindingFlags invokeAttr, System.Reflection.Binder binder, System.Object[] parameters, System.Globalization.CultureInfo culture) [0x0006a] in &lt;eb0ef51e5908461ca908fdf6b2dbd966&gt;:0 </stack-trace>
                  </failure>
                </test-case>
                <test-case name="CollectsAllBindingErrorsWithLineNumbers" fullname="Hidano.UnityTimelineBuilder.Editor.Tests.TrackBindingApplierTests.CollectsAllBindingErrorsWithLineNumbers" result="Failed" start-time="2026-08-21 13:48:53" end-time="2026-08-21 13:48:53" duration="0.000">
                  <failure>
                    <message>SetUp : System.InvalidOperationException : This can only be used during play mode, please use EditorSceneManager.NewScene() instead.</message>
                    <stack-trace>--SetUp
  at (wrapper managed-to-native) UnityEngine.SceneManagement.SceneManager.CreateScene_Injected(UnityEngine.Bindings.ManagedSpanWrapper&amp;,UnityEngine.SceneManagement.CreateSceneParameters&amp;,UnityEngine.SceneManagement.Scene&amp;)
  at UnityEngine.SceneManagement.SceneManager.CreateScene (System.String sceneName, UnityEngine.SceneManagement.CreateSceneParameters parameters) [0x00039] in &lt;fde3c13fb32a45329a891b3df03f7908&gt;:0 
  at UnityEngine.SceneManagement.SceneManager.CreateScene (System.String sceneName) [0x00009] in &lt;fde3c13fb32a45329a891b3df03f7908&gt;:0 
  at Hidano.UnityTimelineBuilder.Editor.Tests.TrackBindingApplierTests.SetUp () [0x00001] in .\Packages\com.hidano.unity-timeline-builder\Tests\Editor\TrackBindingApplierTests.cs:20 
  at (wrapper managed-to-native) System.Reflection.RuntimeMethodInfo.InternalInvoke(System.Reflection.RuntimeMethodInfo,object,object[],System.Exception&amp;)
  at System.Reflection.RuntimeMethodInfo.Invoke (System.Object obj, System.Reflection.BindingFlags invokeAttr, System.Reflection.Binder binder, System.Object[] parameters, System.Globalization.CultureInfo culture) [0x0006a] in &lt;eb0ef51e5908461ca908fdf6b2dbd966&gt;:0 </stack-trace>
                  </failure>
                </test-case>
                <test-case name="DoesNotTouchUnboundTracks" fullname="Hidano.UnityTimelineBuilder.Editor.Tests.TrackBindingApplierTests.DoesNotTouchUnboundTracks" result="Failed" start-time="2026-08-21 13:48:53" end-time="2026-08-21 13:48:53" duration="0.000">
                  <failure>
                    <message>SetUp : System.InvalidOperationException : This can only be used during play mode, please use EditorSceneManager.NewScene() instead.</message>
                    <stack-trace>--SetUp
  at (wrapper managed-to-native) UnityEngine.SceneManagement.SceneManager.CreateScene_Injected(UnityEngine.Bindings.ManagedSpanWrapper&amp;,UnityEngine.SceneManagement.CreateSceneParameters&amp;,UnityEngine.SceneManagement.Scene&amp;)
  at UnityEngine.SceneManagement.SceneManager.CreateScene (System.String sceneName, UnityEngine.SceneManagement.CreateSceneParameters parameters) [0x00039] in &lt;fde3c13fb32a45329a891b3df03f7908&gt;:0 
  at UnityEngine.SceneManagement.SceneManager.CreateScene (System.String sceneName) [0x00009] in &lt;fde3c13fb32a45329a891b3df03f7908&gt;:0 
  at Hidano.UnityTimelineBuilder.Editor.Tests.TrackBindingApplierTests.SetUp () [0x00001] in .\Packages\com.hidano.unity-timeline-builder\Tests\Editor\TrackBindingApplierTests.cs:20 
  at (wrapper managed-to-native) System.Reflection.RuntimeMethodInfo.InternalInvoke(System.Reflection.RuntimeMethodInfo,object,object[],System.Exception&amp;)
  at System.Reflection.RuntimeMethodInfo.Invoke (System.Object obj, System.Reflection.BindingFlags invokeAttr, System.Reflection.Binder binder, System.Object[] parameters, System.Globalization.CultureInfo culture) [0x0006a] in &lt;eb0ef51e5908461ca908fdf6b2dbd966&gt;:0 </stack-trace>
                  </failure>
                </test-case>
                <test-case name="ReportsDuplicatedAnimationTracks" fullname="Hidano.UnityTimelineBuilder.Editor.Tests.TrackBindingApplierTests.ReportsDuplicatedAnimationTracks" result="Failed" start-time="2026-08-21 13:48:53" end-time="2026-08-21 13:48:53" duration="0.000">
                  <failure>
                    <message>SetUp : System.InvalidOperationException : This can only be used during play mode, please use EditorSceneManager.NewScene() instead.</message>
                    <stack-trace>--SetUp
  at (wrapper managed-to-native) UnityEngine.SceneManagement.SceneManager.CreateScene_Injected(UnityEngine.Bindings.ManagedSpanWrapper&amp;,UnityEngine.SceneManagement.CreateSceneParameters&amp;,UnityEngine.SceneManagement.Scene&amp;)
  at UnityEngine.SceneManagement.SceneManager.CreateScene (System.String sceneName, UnityEngine.SceneManagement.CreateSceneParameters parameters) [0x00039] in &lt;fde3c13fb32a45329a891b3df03f7908&gt;:0 
  at UnityEngine.SceneManagement.SceneManager.CreateScene (System.String sceneName) [0x00009] in &lt;fde3c13fb32a45329a891b3df03f7908&gt;:0 
  at Hidano.UnityTimelineBuilder.Editor.Tests.TrackBindingApplierTests.SetUp () [0x00001] in .\Packages\com.hidano.unity-timeline-builder\Tests\Editor\TrackBindingApplierTests.cs:20 
  at (wrapper managed-to-native) System.Reflection.RuntimeMethodInfo.InternalInvoke(System.Reflection.RuntimeMethodInfo,object,object[],System.Exception&amp;)
  at System.Reflection.RuntimeMethodInfo.Invoke (System.Object obj, System.Reflection.BindingFlags invokeAttr, System.Reflection.Binder binder, System.Object[] parameters, System.Globalization.CultureInfo culture) [0x0006a] in &lt;eb0ef51e5908461ca908fdf6b2dbd966&gt;:0 </stack-trace>
                  </failure>
                </test-case>
              </test-suite>
              <test-suite type="Hidano.UnityTimelineBuilder.Editor.Tests.TrackBuilderRegistryTests" name="TrackBuilderRegistryTests" fullname="Hidano.UnityTimelineBuilder.Editor.Tests.TrackBuilderRegistryTests" result="Passed" start-time="2026-08-21 13:48:53" end-time="2026-08-21 13:48:53" duration="0.007" total="6" passed="6" failed="0" skipped="0" inconclusive="0">
                <test-case name="BuiltInTrackTypesAreKnownCaseInsensitively" fullname="Hidano.UnityTimelineBuilder.Editor.Tests.TrackBuilderRegistryTests.BuiltInTrackTypesAreKnownCaseInsensitively" result="Passed" start-time="2026-08-21 13:48:53" end-time="2026-08-21 13:48:53" duration="0.001" />
                <test-case name="RegisterAndTryGetFindsBuilderByTrimmedCaseInsensitiveKey" fullname="Hidano.UnityTimelineBuilder.Editor.Tests.TrackBuilderRegistryTests.RegisterAndTryGetFindsBuilderByTrimmedCaseInsensitiveKey" result="Passed" start-time="2026-08-21 13:48:53" end-time="2026-08-21 13:48:53" duration="0.000" />
                <test-case name="RegisterRejectsNullAndEmptyKeys" fullname="Hidano.UnityTimelineBuilder.Editor.Tests.TrackBuilderRegistryTests.RegisterRejectsNullAndEmptyKeys" result="Passed" start-time="2026-08-21 13:48:53" end-time="2026-08-21 13:48:53" duration="0.000" />
                <test-case name="RegisterReplacesBuilderForExistingKey" fullname="Hidano.UnityTimelineBuilder.Editor.Tests.TrackBuilderRegistryTests.RegisterReplacesBuilderForExistingKey" result="Passed" start-time="2026-08-21 13:48:53" end-time="2026-08-21 13:48:53" duration="0.000" />
                <test-case name="ResetForTestRestoresBuiltInsAndRemovesCustomBuilders" fullname="Hidano.UnityTimelineBuilder.Editor.Tests.TrackBuilderRegistryTests.ResetForTestRestoresBuiltInsAndRemovesCustomBuilders" result="Passed" start-time="2026-08-21 13:48:53" end-time="2026-08-21 13:48:53" duration="0.000" />
                <test-case name="TryGetReturnsFalseForMissingOrEmptyKeys" fullname="Hidano.UnityTimelineBuilder.Editor.Tests.TrackBuilderRegistryTests.TryGetReturnsFalseForMissingOrEmptyKeys" result="Passed" start-time="2026-08-21 13:48:53" end-time="2026-08-21 13:48:53" duration="0.000" />
              </test-suite>
            </test-suite>
          </test-suite>
        </test-suite>
      </test-suite>
    </test-suite>
  </test-suite>
</test-run>